Log file open, 04/02/22 11:22:44
LogWindows: Failed to load 'aqProf.dll' (GetLastError=126)
LogWindows: File 'aqProf.dll' does not exist
LogWindows: Failed to load 'VtuneApi.dll' (GetLastError=126)
LogWindows: File 'VtuneApi.dll' does not exist
LogWindows: Failed to load 'VtuneApi32e.dll' (GetLastError=126)
LogWindows: File 'VtuneApi32e.dll' does not exist
LogConsoleResponse: Display: Failed to find resolution value strings in scalability ini. Falling back to default.
LogConsoleResponse: Display: Failed to find resolution value strings in scalability ini. Falling back to default.
LogInit: Display: Running engine for game: SupermarketSweep
LogPlatformFile: Not using cached read wrapper
LogTaskGraph: Started task graph with 5 named threads and 35 total threads with 3 sets of task threads.
LogStats: Stats thread started at 0.240261
LogICUInternationalization: ICU TimeZone Detection - Raw Offset: +0:00, Platform Override: ''
LogInit: Display: Loading text-based GConfig....
LogPluginManager: Mounting plugin MeshPainting
LogPluginManager: Mounting plugin XGEController
LogPluginManager: Mounting plugin Paper2D
LogPluginManager: Mounting plugin EnvironmentQueryEditor
LogPluginManager: Mounting plugin AISupport
LogPluginManager: Mounting plugin LightPropagationVolume
LogPluginManager: Mounting plugin CameraShakePreviewer
LogPluginManager: Mounting plugin GameplayCameras
LogPluginManager: Mounting plugin CLionSourceCodeAccess
LogPluginManager: Mounting plugin AnimationSharing
LogPluginManager: Mounting plugin CodeLiteSourceCodeAccess
LogPluginManager: Mounting plugin GitSourceControl
LogPluginManager: Mounting plugin KDevelopSourceCodeAccess
LogPluginManager: Mounting plugin NullSourceCodeAccess
LogPluginManager: Mounting plugin PerforceSourceControl
LogPluginManager: Mounting plugin PixWinPlugin
LogPluginManager: Mounting plugin PlasticSourceControl
LogPluginManager: Mounting plugin PluginUtils
LogPluginManager: Mounting plugin PropertyAccessNode
LogPluginManager: Mounting plugin RiderSourceCodeAccess
LogPluginManager: Mounting plugin SubversionSourceControl
LogPluginManager: Mounting plugin TextureFormatOodle
LogPluginManager: Mounting plugin UObjectPlugin
LogPluginManager: Mounting plugin VisualStudioCodeSourceCodeAccess
LogPluginManager: Mounting plugin VisualStudioSourceCodeAccess
LogPluginManager: Mounting plugin XCodeSourceCodeAccess
LogPluginManager: Mounting plugin AssetManagerEditor
LogPluginManager: Mounting plugin CurveEditorTools
LogPluginManager: Mounting plugin DataValidation
LogPluginManager: Mounting plugin CryptoKeys
LogPluginManager: Mounting plugin FacialAnimation
LogPluginManager: Mounting plugin GameplayTagsEditor
LogPluginManager: Mounting plugin MacGraphicsSwitching
LogPluginManager: Mounting plugin MaterialAnalyzer
LogPluginManager: Mounting plugin MobileLauncherProfileWizard
LogPluginManager: Mounting plugin SpeedTreeImporter
LogPluginManager: Mounting plugin GeometryMode
LogPluginManager: Mounting plugin Niagara
LogPluginManager: Mounting plugin LuminPlatformFeatures
LogPluginManager: Mounting plugin MagicLeap
LogPluginManager: Mounting plugin MagicLeapLightEstimation
LogPluginManager: Mounting plugin MagicLeapMedia
LogPluginManager: Mounting plugin MagicLeapPassableWorld
LogPluginManager: Mounting plugin MLSDK
LogPluginManager: Mounting plugin AlembicImporter
LogPluginManager: Mounting plugin AutomationUtils
LogPluginManager: Mounting plugin BackChannel
LogPluginManager: Mounting plugin ChaosCloth
LogPluginManager: Mounting plugin ChaosClothEditor
LogPluginManager: Mounting plugin ChaosEditor
LogPluginManager: Mounting plugin ChaosNiagara
LogPluginManager: Mounting plugin ChaosSolverPlugin
LogPluginManager: Mounting plugin CharacterAI
LogPluginManager: Mounting plugin PluginBrowser
LogPluginManager: Mounting plugin DatasmithContent
LogPluginManager: Mounting plugin GeometryCache
LogPluginManager: Mounting plugin VariantManagerContent
LogPluginManager: Mounting plugin GeometryCollectionPlugin
LogPluginManager: Mounting plugin GeometryProcessing
LogPluginManager: Mounting plugin MotoSynth
LogPluginManager: Mounting plugin OpenImageDenoise
LogPluginManager: Mounting plugin PlanarCut
LogPluginManager: Mounting plugin PlatformCrypto
LogPluginManager: Mounting plugin ProxyLODPlugin
LogPluginManager: Mounting plugin PythonScriptPlugin
LogPluginManager: Mounting plugin AndroidMedia
LogPluginManager: Mounting plugin AvfMedia
LogPluginManager: Mounting plugin SkeletalReduction
LogPluginManager: Mounting plugin ImgMedia
LogPluginManager: Mounting plugin MediaCompositing
LogPluginManager: Mounting plugin MediaPlayerEditor
LogPluginManager: Mounting plugin WebMMedia
LogPluginManager: Mounting plugin WmfMedia
LogPluginManager: Mounting plugin UdpMessaging
LogPluginManager: Mounting plugin TcpMessaging
LogPluginManager: Mounting plugin ActorSequence
LogPluginManager: Mounting plugin LevelSequenceEditor
LogPluginManager: Mounting plugin MatineeToLevelSequence
LogPluginManager: Mounting plugin TemplateSequence
LogPluginManager: Mounting plugin OnlineSubsystem
LogPluginManager: Mounting plugin OnlineSubsystemNull
LogPluginManager: Mounting plugin OnlineSubsystemUtils
LogPluginManager: Mounting plugin LauncherChunkInstaller
LogPluginManager: Mounting plugin ActorLayerUtilities
LogPluginManager: Mounting plugin AndroidDeviceProfileSelector
LogPluginManager: Mounting plugin AndroidMoviePlayer
LogPluginManager: Mounting plugin AndroidPermission
LogPluginManager: Mounting plugin AppleImageUtils
LogPluginManager: Mounting plugin AppleMoviePlayer
LogPluginManager: Mounting plugin ArchVisCharacter
LogPluginManager: Mounting plugin AssetTags
LogPluginManager: Mounting plugin AudioCapture
LogPluginManager: Mounting plugin AudioSynesthesia
LogPluginManager: Mounting plugin CableComponent
LogPluginManager: Mounting plugin ChunkDownloader
LogPluginManager: Mounting plugin CustomMeshComponent
LogPluginManager: Mounting plugin EditableMesh
LogPluginManager: Mounting plugin ExampleDeviceProfileSelector
LogPluginManager: Mounting plugin GoogleCloudMessaging
LogPluginManager: Mounting plugin GooglePAD
LogPluginManager: Mounting plugin ScreenshotTools
LogPluginManager: Mounting plugin Takes
LogPluginManager: Mounting plugin IOSDeviceProfileSelector
LogPluginManager: Mounting plugin LinuxDeviceProfileSelector
LogPluginManager: Mounting plugin LocationServicesBPLibrary
LogPluginManager: Mounting plugin MobilePatchingUtils
LogPluginManager: Mounting plugin OpenXR
LogPluginManager: Mounting plugin OpenXREyeTracker
LogPluginManager: Mounting plugin OpenXRHandTracking
LogPluginManager: Mounting plugin PhysXVehicles
LogPluginManager: Mounting plugin PostSplashScreen
LogPluginManager: Mounting plugin ProceduralMeshComponent
LogPluginManager: Mounting plugin PropertyAccessEditor
LogPluginManager: Mounting plugin RuntimePhysXCooking
LogPluginManager: Mounting plugin SignificanceManager
LogPluginManager: Mounting plugin SoundFields
LogPluginManager: Mounting plugin Synthesis
LogPluginManager: Mounting plugin WebMMoviePlayer
LogPluginManager: Mounting plugin WindowsMoviePlayer
LogPluginManager: Mounting plugin LiveLink
LogPluginManager: Mounting plugin OodleData
LogPluginManager: Mounting plugin OodleNetwork
LogPluginManager: Mounting plugin ContentBrowserAssetDataSource
LogPluginManager: Mounting plugin ContentBrowserClassDataSource
LogPluginManager: Mounting plugin ContentBrowserFileDataSource
LogPluginManager: Mounting plugin OnlineSubsystemGooglePlay
LogPluginManager: Mounting plugin OnlineSubsystemIOS
LogPluginManager: Mounting plugin OculusVR
LogPluginManager: Mounting plugin SteamVR
PixWinPlugin: PIX capture plugin failed to initialize! Check that the process is launched from PIX.
LogInit: Using libcurl 7.55.1-DEV
LogInit:  - built for x86_64-pc-win32
LogInit:  - supports SSL with OpenSSL/1.1.1
LogInit:  - supports HTTP deflate (compression) using libz 1.2.8
LogInit:  - other features:
LogInit:      CURL_VERSION_SSL
LogInit:      CURL_VERSION_LIBZ
LogInit:      CURL_VERSION_IPV6
LogInit:      CURL_VERSION_ASYNCHDNS
LogInit:      CURL_VERSION_LARGEFILE
LogInit:      CURL_VERSION_IDN
LogInit:  CurlRequestOptions (configurable via config and command line):
LogInit:  - bVerifyPeer = true  - Libcurl will verify peer certificate
LogInit:  - bUseHttpProxy = false  - Libcurl will NOT use HTTP proxy
LogInit:  - bDontReuseConnections = false  - Libcurl will reuse connections
LogInit:  - MaxHostConnections = 16  - Libcurl will limit the number of connections to a host
LogInit:  - LocalHostAddr = Default
LogInit:  - BufferSize = 65536
LogOnline: OSS: Creating online subsystem instance for: NULL
LogInit: WinSock: version 1.1 (2.2), MaxSocks=32767, MaxUdp=65467
LogOnline: OSS: TryLoadSubsystemAndSetDefault: Loaded subsystem for module [NULL]
LogOculusPluginWrapper: OculusPlugin initialized successfully
LogHMD: Failed initializing OVRPlugin 1.59.0
LogInit: Build: ++UE4+Release-4.27-CL-18319896
LogInit: Engine Version: 4.27.2-18319896+++UE4+Release-4.27
LogInit: Compatible Engine Version: 4.27.0-17155196+++UE4+Release-4.27
LogInit: Net CL: 17155196
LogInit: OS: Windows 10 (Release 2009) (), CPU: Intel(R) Core(TM) i7-10750H CPU @ 2.60GHz, GPU: Intel(R) UHD Graphics
LogInit: Compiled (64-bit): Nov 30 2021 07:12:08
LogInit: Compiled with Visual C++: 19.24.28315.00
LogInit: Build Configuration: Development
LogInit: Branch Name: ++UE4+Release-4.27
LogInit: Command Line:  -EpicPortal -epicusername=Goatta -epicuserid=675e82a112924433a7c23b4f2fc8c44b -epiclocale=en -epicsandboxid=ue
LogInit: Base Directory: C:/Program Files/Epic Games/UE_4.27/Engine/Binaries/Win64/
LogInit: Allocator: TBB
LogInit: Installed Engine Build: 1
LogDevObjectVersion: Number of dev versions registered: 29
LogDevObjectVersion:   Dev-Blueprints (B0D832E4-1F89-4F0D-ACCF-7EB736FD4AA2): 10
LogDevObjectVersion:   Dev-Build (E1C64328-A22C-4D53-A36C-8E866417BD8C): 0
LogDevObjectVersion:   Dev-Core (375EC13C-06E4-48FB-B500-84F0262A717E): 4
LogDevObjectVersion:   Dev-Editor (E4B068ED-F494-42E9-A231-DA0B2E46BB41): 40
LogDevObjectVersion:   Dev-Framework (CFFC743F-43B0-4480-9391-14DF171D2073): 37
LogDevObjectVersion:   Dev-Mobile (B02B49B5-BB20-44E9-A304-32B752E40360): 3
LogDevObjectVersion:   Dev-Networking (A4E4105C-59A1-49B5-A7C5-40C4547EDFEE): 0
LogDevObjectVersion:   Dev-Online (39C831C9-5AE6-47DC-9A44-9C173E1C8E7C): 0
LogDevObjectVersion:   Dev-Physics (78F01B33-EBEA-4F98-B9B4-84EACCB95AA2): 14
LogDevObjectVersion:   Dev-Platform (6631380F-2D4D-43E0-8009-CF276956A95A): 0
LogDevObjectVersion:   Dev-Rendering (12F88B9F-8875-4AFC-A67C-D90C383ABD29): 45
LogDevObjectVersion:   Dev-Sequencer (7B5AE74C-D270-4C10-A958-57980B212A5A): 13
LogDevObjectVersion:   Dev-VR (D7296918-1DD6-4BDD-9DE2-64A83CC13884): 3
LogDevObjectVersion:   Dev-LoadTimes (C2A15278-BFE7-4AFE-6C17-90FF531DF755): 1
LogDevObjectVersion:   Private-Geometry (6EACA3D4-40EC-4CC1-B786-8BED09428FC5): 3
LogDevObjectVersion:   Dev-AnimPhys (29E575DD-E0A3-4627-9D10-D276232CDCEA): 17
LogDevObjectVersion:   Dev-Anim (AF43A65D-7FD3-4947-9873-3E8ED9C1BB05): 15
LogDevObjectVersion:   Dev-ReflectionCapture (6B266CEC-1EC7-4B8F-A30B-E4D90942FC07): 1
LogDevObjectVersion:   Dev-Automation (0DF73D61-A23F-47EA-B727-89E90C41499A): 1
LogDevObjectVersion:   FortniteMain (601D1886-AC64-4F84-AA16-D3DE0DEAC7D6): 47
LogDevObjectVersion:   FortniteRelease (E7086368-6B23-4C58-8439-1B7016265E91): 1
LogDevObjectVersion:   Dev-Enterprise (9DFFBCD6-494F-0158-E221-12823C92A888): 10
LogDevObjectVersion:   Dev-Niagara (F2AED0AC-9AFE-416F-8664-AA7FFA26D6FC): 1
LogDevObjectVersion:   Dev-Destruction (174F1F0B-B4C6-45A5-B13F-2EE8D0FB917D): 10
LogDevObjectVersion:   Dev-Physics-Ext (35F94A83-E258-406C-A318-09F59610247C): 41
LogDevObjectVersion:   Dev-PhysicsMaterial-Chaos (B68FC16E-8B1B-42E2-B453-215C058844FE): 1
LogDevObjectVersion:   Dev-CineCamera (B2E18506-4273-CFC2-A54E-F4BB758BBA07): 1
LogDevObjectVersion:   Dev-VirtualProduction (64F58936-FD1B-42BA-BA96-7289D5D0FA4E): 1
LogDevObjectVersion:   Dev-MediaFramework (6F0ED827-A609-4895-9C91-998D90180EA4): 2
LogInit: Presizing for max 25165824 objects, including 0 objects not considered by GC, pre-allocating 0 bytes for permanent pool.
LogConfig: Applying CVar settings from Section [/Script/Engine.StreamingSettings] File [C:/Users/odinm/Documents/GitHub/Ludum-Dare-50/SupermarketSweep/Saved/Config/Windows/Engine.ini]
LogConfig: Setting CVar [[s.MinBulkDataSizeForAsyncLoading:131072]]
LogConfig: Setting CVar [[s.AsyncLoadingThreadEnabled:0]]
LogConfig: Setting CVar [[s.EventDrivenLoaderEnabled:1]]
LogConfig: Setting CVar [[s.WarnIfTimeLimitExceeded:0]]
LogConfig: Setting CVar [[s.TimeLimitExceededMultiplier:1.5]]
LogConfig: Setting CVar [[s.TimeLimitExceededMinTime:0.005]]
LogConfig: Setting CVar [[s.UseBackgroundLevelStreaming:1]]
LogConfig: Setting CVar [[s.PriorityAsyncLoadingExtraTime:15.0]]
LogConfig: Setting CVar [[s.LevelStreamingActorsUpdateTimeLimit:5.0]]
LogConfig: Setting CVar [[s.PriorityLevelStreamingActorsUpdateExtraTime:5.0]]
LogConfig: Setting CVar [[s.LevelStreamingComponentsRegistrationGranularity:10]]
LogConfig: Setting CVar [[s.UnregisterComponentsTimeLimit:1.0]]
LogConfig: Setting CVar [[s.LevelStreamingComponentsUnregistrationGranularity:5]]
LogConfig: Setting CVar [[s.FlushStreamingOnExit:1]]
LogInit: Object subsystem initialized
LogConfig: Setting CVar [[con.DebugEarlyDefault:1]]
LogConfig: Setting CVar [[r.setres:1280x720]]
[2022.04.02-10.22.45:374][  0]LogConfig: Setting CVar [[r.VSync:0]]
[2022.04.02-10.22.45:374][  0]LogConfig: Setting CVar [[r.RHICmdBypass:0]]
[2022.04.02-10.22.45:374][  0]LogConfig: Applying CVar settings from Section [/Script/Engine.RendererSettings] File [C:/Users/odinm/Documents/GitHub/Ludum-Dare-50/SupermarketSweep/Saved/Config/Windows/Engine.ini]
[2022.04.02-10.22.45:374][  0]LogConfig: Setting CVar [[r.GPUCrashDebugging:0]]
[2022.04.02-10.22.45:374][  0]LogConfig: Applying CVar settings from Section [/Script/Engine.RendererOverrideSettings] File [C:/Users/odinm/Documents/GitHub/Ludum-Dare-50/SupermarketSweep/Saved/Config/Windows/Engine.ini]
[2022.04.02-10.22.45:374][  0]LogConfig: Applying CVar settings from Section [/Script/Engine.StreamingSettings] File [C:/Users/odinm/Documents/GitHub/Ludum-Dare-50/SupermarketSweep/Saved/Config/Windows/Engine.ini]
[2022.04.02-10.22.45:374][  0]LogConfig: Setting CVar [[s.MinBulkDataSizeForAsyncLoading:131072]]
[2022.04.02-10.22.45:374][  0]LogConfig: Setting CVar [[s.AsyncLoadingThreadEnabled:0]]
[2022.04.02-10.22.45:374][  0]LogConfig: Setting CVar [[s.EventDrivenLoaderEnabled:1]]
[2022.04.02-10.22.45:374][  0]LogConfig: Setting CVar [[s.WarnIfTimeLimitExceeded:0]]
[2022.04.02-10.22.45:374][  0]LogConfig: Setting CVar [[s.TimeLimitExceededMultiplier:1.5]]
[2022.04.02-10.22.45:374][  0]LogConfig: Setting CVar [[s.TimeLimitExceededMinTime:0.005]]
[2022.04.02-10.22.45:374][  0]LogConfig: Setting CVar [[s.UseBackgroundLevelStreaming:1]]
[2022.04.02-10.22.45:374][  0]LogConfig: Setting CVar [[s.PriorityAsyncLoadingExtraTime:15.0]]
[2022.04.02-10.22.45:374][  0]LogConfig: Setting CVar [[s.LevelStreamingActorsUpdateTimeLimit:5.0]]
[2022.04.02-10.22.45:374][  0]LogConfig: Setting CVar [[s.PriorityLevelStreamingActorsUpdateExtraTime:5.0]]
[2022.04.02-10.22.45:374][  0]LogConfig: Setting CVar [[s.LevelStreamingComponentsRegistrationGranularity:10]]
[2022.04.02-10.22.45:374][  0]LogConfig: Setting CVar [[s.UnregisterComponentsTimeLimit:1.0]]
[2022.04.02-10.22.45:374][  0]LogConfig: Setting CVar [[s.LevelStreamingComponentsUnregistrationGranularity:5]]
[2022.04.02-10.22.45:374][  0]LogConfig: Setting CVar [[s.FlushStreamingOnExit:1]]
[2022.04.02-10.22.45:374][  0]LogConfig: Applying CVar settings from Section [/Script/Engine.GarbageCollectionSettings] File [C:/Users/odinm/Documents/GitHub/Ludum-Dare-50/SupermarketSweep/Saved/Config/Windows/Engine.ini]
[2022.04.02-10.22.45:374][  0]LogConfig: Setting CVar [[gc.MaxObjectsNotConsideredByGC:1]]
[2022.04.02-10.22.45:374][  0]LogConfig: Setting CVar [[gc.SizeOfPermanentObjectPool:0]]
[2022.04.02-10.22.45:374][  0]LogConfig: Setting CVar [[gc.FlushStreamingOnGC:0]]
[2022.04.02-10.22.45:374][  0]LogConfig: Setting CVar [[gc.NumRetriesBeforeForcingGC:10]]
[2022.04.02-10.22.45:374][  0]LogConfig: Setting CVar [[gc.AllowParallelGC:1]]
[2022.04.02-10.22.45:374][  0]LogConfig: Setting CVar [[gc.TimeBetweenPurgingPendingKillObjects:61.1]]
[2022.04.02-10.22.45:374][  0]LogConfig: Setting CVar [[gc.MaxObjectsInEditor:25165824]]
[2022.04.02-10.22.45:374][  0]LogConfig: Setting CVar [[gc.IncrementalBeginDestroyEnabled:1]]
[2022.04.02-10.22.45:374][  0]LogConfig: Setting CVar [[gc.CreateGCClusters:1]]
[2022.04.02-10.22.45:374][  0]LogConfig: Setting CVar [[gc.MinGCClusterSize:5]]
[2022.04.02-10.22.45:374][  0]LogConfig: Setting CVar [[gc.ActorClusteringEnabled:0]]
[2022.04.02-10.22.45:374][  0]LogConfig: Setting CVar [[gc.BlueprintClusteringEnabled:0]]
[2022.04.02-10.22.45:374][  0]LogConfig: Setting CVar [[gc.UseDisregardForGCOnDedicatedServers:0]]
[2022.04.02-10.22.45:374][  0]LogConfig: Setting CVar [[gc.MultithreadedDestructionEnabled:1]]
[2022.04.02-10.22.45:374][  0]LogConfig: Applying CVar settings from Section [/Script/Engine.NetworkSettings] File [C:/Users/odinm/Documents/GitHub/Ludum-Dare-50/SupermarketSweep/Saved/Config/Windows/Engine.ini]
[2022.04.02-10.22.45:374][  0]LogConfig: Applying CVar settings from Section [/Script/UnrealEd.CookerSettings] File [C:/Users/odinm/Documents/GitHub/Ludum-Dare-50/SupermarketSweep/Saved/Config/Windows/Engine.ini]
[2022.04.02-10.22.45:388][  0]LogConfig: Applying CVar settings from Section [ViewDistanceQuality@3] File [C:/Users/odinm/Documents/GitHub/Ludum-Dare-50/SupermarketSweep/Saved/Config/Windows/Scalability.ini]
[2022.04.02-10.22.45:388][  0]LogConfig: Setting CVar [[r.SkeletalMeshLODBias:0]]
[2022.04.02-10.22.45:388][  0]LogConfig: Setting CVar [[r.ViewDistanceScale:1.0]]
[2022.04.02-10.22.45:388][  0]LogConfig: Applying CVar settings from Section [AntiAliasingQuality@3] File [C:/Users/odinm/Documents/GitHub/Ludum-Dare-50/SupermarketSweep/Saved/Config/Windows/Scalability.ini]
[2022.04.02-10.22.45:388][  0]LogConfig: Setting CVar [[r.PostProcessAAQuality:4]]
[2022.04.02-10.22.45:388][  0]LogConfig: Applying CVar settings from Section [ShadowQuality@3] File [C:/Users/odinm/Documents/GitHub/Ludum-Dare-50/SupermarketSweep/Saved/Config/Windows/Scalability.ini]
[2022.04.02-10.22.45:388][  0]LogConfig: Setting CVar [[r.LightFunctionQuality:1]]
[2022.04.02-10.22.45:388][  0]LogConfig: Setting CVar [[r.ShadowQuality:5]]
[2022.04.02-10.22.45:388][  0]LogConfig: Setting CVar [[r.Shadow.CSM.MaxCascades:10]]
[2022.04.02-10.22.45:388][  0]LogConfig: Setting CVar [[r.Shadow.MaxResolution:2048]]
[2022.04.02-10.22.45:388][  0]LogConfig: Setting CVar [[r.Shadow.MaxCSMResolution:2048]]
[2022.04.02-10.22.45:388][  0]LogConfig: Setting CVar [[r.Shadow.RadiusThreshold:0.01]]
[2022.04.02-10.22.45:388][  0]LogConfig: Setting CVar [[r.Shadow.DistanceScale:1.0]]
[2022.04.02-10.22.45:388][  0]LogConfig: Setting CVar [[r.Shadow.CSM.TransitionScale:1.0]]
[2022.04.02-10.22.45:388][  0]LogConfig: Setting CVar [[r.Shadow.PreShadowResolutionFactor:1.0]]
[2022.04.02-10.22.45:388][  0]LogConfig: Setting CVar [[r.DistanceFieldShadowing:1]]
[2022.04.02-10.22.45:388][  0]LogConfig: Setting CVar [[r.DistanceFieldAO:1]]
[2022.04.02-10.22.45:388][  0]LogConfig: Setting CVar [[r.AOQuality:2]]
[2022.04.02-10.22.45:388][  0]LogConfig: Setting CVar [[r.VolumetricFog:1]]
[2022.04.02-10.22.45:388][  0]LogConfig: Setting CVar [[r.VolumetricFog.GridPixelSize:8]]
[2022.04.02-10.22.45:388][  0]LogConfig: Setting CVar [[r.VolumetricFog.GridSizeZ:128]]
[2022.04.02-10.22.45:388][  0]LogConfig: Setting CVar [[r.VolumetricFog.HistoryMissSupersampleCount:4]]
[2022.04.02-10.22.45:388][  0]LogConfig: Setting CVar [[r.LightMaxDrawDistanceScale:1]]
[2022.04.02-10.22.45:388][  0]LogConfig: Setting CVar [[r.CapsuleShadows:1]]
[2022.04.02-10.22.45:388][  0]LogConfig: Applying CVar settings from Section [PostProcessQuality@3] File [C:/Users/odinm/Documents/GitHub/Ludum-Dare-50/SupermarketSweep/Saved/Config/Windows/Scalability.ini]
[2022.04.02-10.22.45:388][  0]LogConfig: Setting CVar [[r.MotionBlurQuality:4]]
[2022.04.02-10.22.45:388][  0]LogConfig: Setting CVar [[r.AmbientOcclusionMipLevelFactor:0.4]]
[2022.04.02-10.22.45:388][  0]LogConfig: Setting CVar [[r.AmbientOcclusionMaxQuality:100]]
[2022.04.02-10.22.45:388][  0]LogConfig: Setting CVar [[r.AmbientOcclusionLevels:-1]]
[2022.04.02-10.22.45:388][  0]LogConfig: Setting CVar [[r.AmbientOcclusionRadiusScale:1.0]]
[2022.04.02-10.22.45:388][  0]LogConfig: Setting CVar [[r.DepthOfFieldQuality:2]]
[2022.04.02-10.22.45:388][  0]LogConfig: Setting CVar [[r.RenderTargetPoolMin:400]]
[2022.04.02-10.22.45:388][  0]LogConfig: Setting CVar [[r.LensFlareQuality:2]]
[2022.04.02-10.22.45:388][  0]LogConfig: Setting CVar [[r.SceneColorFringeQuality:1]]
[2022.04.02-10.22.45:388][  0]LogConfig: Setting CVar [[r.EyeAdaptationQuality:2]]
[2022.04.02-10.22.45:388][  0]LogConfig: Setting CVar [[r.BloomQuality:5]]
[2022.04.02-10.22.45:388][  0]LogConfig: Setting CVar [[r.FastBlurThreshold:100]]
[2022.04.02-10.22.45:388][  0]LogConfig: Setting CVar [[r.Upscale.Quality:3]]
[2022.04.02-10.22.45:388][  0]LogConfig: Setting CVar [[r.Tonemapper.GrainQuantization:1]]
[2022.04.02-10.22.45:388][  0]LogConfig: Setting CVar [[r.LightShaftQuality:1]]
[2022.04.02-10.22.45:388][  0]LogConfig: Setting CVar [[r.Filter.SizeScale:1]]
[2022.04.02-10.22.45:388][  0]LogConfig: Setting CVar [[r.Tonemapper.Quality:5]]
[2022.04.02-10.22.45:388][  0]LogConfig: Setting CVar [[r.DOF.Gather.AccumulatorQuality:1        ; higher gathering accumulator quality]]
[2022.04.02-10.22.45:388][  0]LogConfig: Setting CVar [[r.DOF.Gather.PostfilterMethod:1          ; Median3x3 postfilering method]]
[2022.04.02-10.22.45:388][  0]LogConfig: Setting CVar [[r.DOF.Gather.EnableBokehSettings:0       ; no bokeh simulation when gathering]]
[2022.04.02-10.22.45:388][  0]LogConfig: Setting CVar [[r.DOF.Gather.RingCount:4                 ; medium number of samples when gathering]]
[2022.04.02-10.22.45:388][  0]LogConfig: Setting CVar [[r.DOF.Scatter.ForegroundCompositing:1    ; additive foreground scattering]]
[2022.04.02-10.22.45:389][  0]LogConfig: Setting CVar [[r.DOF.Scatter.BackgroundCompositing:2    ; additive background scattering]]
[2022.04.02-10.22.45:389][  0]LogConfig: Setting CVar [[r.DOF.Scatter.EnableBokehSettings:1      ; bokeh simulation when scattering]]
[2022.04.02-10.22.45:389][  0]LogConfig: Setting CVar [[r.DOF.Scatter.MaxSpriteRatio:0.1         ; only a maximum of 10% of scattered bokeh]]
[2022.04.02-10.22.45:389][  0]LogConfig: Setting CVar [[r.DOF.Recombine.Quality:1                ; cheap slight out of focus]]
[2022.04.02-10.22.45:389][  0]LogConfig: Setting CVar [[r.DOF.Recombine.EnableBokehSettings:0    ; no bokeh simulation on slight out of focus]]
[2022.04.02-10.22.45:389][  0]LogConfig: Setting CVar [[r.DOF.TemporalAAQuality:1                ; more stable temporal accumulation]]
[2022.04.02-10.22.45:389][  0]LogConfig: Setting CVar [[r.DOF.Kernel.MaxForegroundRadius:0.025]]
[2022.04.02-10.22.45:389][  0]LogConfig: Setting CVar [[r.DOF.Kernel.MaxBackgroundRadius:0.025]]
[2022.04.02-10.22.45:389][  0]LogConfig: Applying CVar settings from Section [TextureQuality@3] File [C:/Users/odinm/Documents/GitHub/Ludum-Dare-50/SupermarketSweep/Saved/Config/Windows/Scalability.ini]
[2022.04.02-10.22.45:389][  0]LogConfig: Setting CVar [[r.Streaming.MipBias:0]]
[2022.04.02-10.22.45:389][  0]LogConfig: Setting CVar [[r.Streaming.AmortizeCPUToGPUCopy:0]]
[2022.04.02-10.22.45:389][  0]LogConfig: Setting CVar [[r.Streaming.MaxNumTexturesToStreamPerFrame:0]]
[2022.04.02-10.22.45:389][  0]LogConfig: Setting CVar [[r.Streaming.Boost:1]]
[2022.04.02-10.22.45:389][  0]LogConfig: Setting CVar [[r.MaxAnisotropy:8]]
[2022.04.02-10.22.45:389][  0]LogConfig: Setting CVar [[r.VT.MaxAnisotropy:8]]
[2022.04.02-10.22.45:389][  0]LogConfig: Setting CVar [[r.Streaming.LimitPoolSizeToVRAM:0]]
[2022.04.02-10.22.45:389][  0]LogConfig: Setting CVar [[r.Streaming.PoolSize:1000]]
[2022.04.02-10.22.45:389][  0]LogConfig: Setting CVar [[r.Streaming.MaxEffectiveScreenSize:0]]
[2022.04.02-10.22.45:389][  0]LogConfig: Applying CVar settings from Section [EffectsQuality@3] File [C:/Users/odinm/Documents/GitHub/Ludum-Dare-50/SupermarketSweep/Saved/Config/Windows/Scalability.ini]
[2022.04.02-10.22.45:389][  0]LogConfig: Setting CVar [[r.TranslucencyLightingVolumeDim:64]]
[2022.04.02-10.22.45:389][  0]LogConfig: Setting CVar [[r.RefractionQuality:2]]
[2022.04.02-10.22.45:389][  0]LogConfig: Setting CVar [[r.SSR.Quality:3]]
[2022.04.02-10.22.45:389][  0]LogConfig: Setting CVar [[r.SSR.HalfResSceneColor:0]]
[2022.04.02-10.22.45:389][  0]LogConfig: Setting CVar [[r.SceneColorFormat:4]]
[2022.04.02-10.22.45:389][  0]LogConfig: Setting CVar [[r.DetailMode:2]]
[2022.04.02-10.22.45:389][  0]LogConfig: Setting CVar [[r.TranslucencyVolumeBlur:1]]
[2022.04.02-10.22.45:389][  0]LogConfig: Setting CVar [[r.MaterialQualityLevel:1 ; High quality]]
[2022.04.02-10.22.45:389][  0]LogConfig: Setting CVar [[r.AnisotropicMaterials:1]]
[2022.04.02-10.22.45:389][  0]LogConfig: Setting CVar [[r.SSS.Scale:1]]
[2022.04.02-10.22.45:389][  0]LogConfig: Setting CVar [[r.SSS.SampleSet:2]]
[2022.04.02-10.22.45:389][  0]LogConfig: Setting CVar [[r.SSS.Quality:1]]
[2022.04.02-10.22.45:389][  0]LogConfig: Setting CVar [[r.SSS.HalfRes:0]]
[2022.04.02-10.22.45:389][  0]LogConfig: Setting CVar [[r.SSGI.Quality:3]]
[2022.04.02-10.22.45:389][  0]LogConfig: Setting CVar [[r.EmitterSpawnRateScale:1.0]]
[2022.04.02-10.22.45:389][  0]LogConfig: Setting CVar [[r.ParticleLightQuality:2]]
[2022.04.02-10.22.45:389][  0]LogConfig: Setting CVar [[r.SkyAtmosphere.AerialPerspectiveLUT.FastApplyOnOpaque:1 ; Always have FastSkyLUT 1 in this case to avoid wrong sky]]
[2022.04.02-10.22.45:389][  0]LogConfig: Setting CVar [[r.SkyAtmosphere.AerialPerspectiveLUT.SampleCountMaxPerSlice:4]]
[2022.04.02-10.22.45:389][  0]LogConfig: Setting CVar [[r.SkyAtmosphere.AerialPerspectiveLUT.DepthResolution:16.0]]
[2022.04.02-10.22.45:389][  0]LogConfig: Setting CVar [[r.SkyAtmosphere.FastSkyLUT:1]]
[2022.04.02-10.22.45:389][  0]LogConfig: Setting CVar [[r.SkyAtmosphere.FastSkyLUT.SampleCountMin:4.0]]
[2022.04.02-10.22.45:389][  0]LogConfig: Setting CVar [[r.SkyAtmosphere.FastSkyLUT.SampleCountMax:128.0]]
[2022.04.02-10.22.45:389][  0]LogConfig: Setting CVar [[r.SkyAtmosphere.SampleCountMin:4.0]]
[2022.04.02-10.22.45:389][  0]LogConfig: Setting CVar [[r.SkyAtmosphere.SampleCountMax:128.0]]
[2022.04.02-10.22.45:389][  0]LogConfig: Setting CVar [[r.SkyAtmosphere.TransmittanceLUT.UseSmallFormat:0]]
[2022.04.02-10.22.45:389][  0]LogConfig: Setting CVar [[r.SkyAtmosphere.TransmittanceLUT.SampleCount:10.0]]
[2022.04.02-10.22.45:389][  0]LogConfig: Setting CVar [[r.SkyAtmosphere.MultiScatteringLUT.SampleCount:15.0]]
[2022.04.02-10.22.45:389][  0]LogConfig: Setting CVar [[r.SkyLight.RealTimeReflectionCapture:1]]
[2022.04.02-10.22.45:389][  0]LogConfig: Applying CVar settings from Section [FoliageQuality@3] File [C:/Users/odinm/Documents/GitHub/Ludum-Dare-50/SupermarketSweep/Saved/Config/Windows/Scalability.ini]
[2022.04.02-10.22.45:389][  0]LogConfig: Setting CVar [[foliage.DensityScale:1.0]]
[2022.04.02-10.22.45:389][  0]LogConfig: Setting CVar [[grass.DensityScale:1.0]]
[2022.04.02-10.22.45:389][  0]LogConfig: Applying CVar settings from Section [ShadingQuality@3] File [C:/Users/odinm/Documents/GitHub/Ludum-Dare-50/SupermarketSweep/Saved/Config/Windows/Scalability.ini]
[2022.04.02-10.22.45:389][  0]LogConfig: Setting CVar [[r.HairStrands.SkyLighting.IntegrationType:2]]
[2022.04.02-10.22.45:389][  0]LogConfig: Setting CVar [[r.HairStrands.SkyAO.SampleCount:4]]
[2022.04.02-10.22.45:389][  0]LogConfig: Setting CVar [[r.HairStrands.Visibility.MSAA.SamplePerPixel:4]]
[2022.04.02-10.22.45:389][  0]LogInit: Selected Device Profile: [Windows]
[2022.04.02-10.22.45:389][  0]LogInit: Applying CVar settings loaded from the selected device profile: [Windows]
[2022.04.02-10.22.45:389][  0]LogHAL: Display: Platform has ~ 16 GB [17002713088 / 17179869184 / 16], which maps to Larger [LargestMinGB=32, LargerMinGB=12, DefaultMinGB=8, SmallerMinGB=6, SmallestMinGB=0)
[2022.04.02-10.22.45:389][  0]LogInit: Going up to parent DeviceProfile []
[2022.04.02-10.22.45:389][  0]LogConfig: Applying CVar settings from Section [ViewDistanceQuality@3] File [C:/Users/odinm/Documents/GitHub/Ludum-Dare-50/SupermarketSweep/Saved/Config/Windows/Scalability.ini]
[2022.04.02-10.22.45:389][  0]LogConfig: Setting CVar [[r.SkeletalMeshLODBias:0]]
[2022.04.02-10.22.45:389][  0]LogConfig: Setting CVar [[r.ViewDistanceScale:1.0]]
[2022.04.02-10.22.45:389][  0]LogConfig: Applying CVar settings from Section [AntiAliasingQuality@3] File [C:/Users/odinm/Documents/GitHub/Ludum-Dare-50/SupermarketSweep/Saved/Config/Windows/Scalability.ini]
[2022.04.02-10.22.45:389][  0]LogConfig: Setting CVar [[r.PostProcessAAQuality:4]]
[2022.04.02-10.22.45:389][  0]LogConfig: Applying CVar settings from Section [ShadowQuality@3] File [C:/Users/odinm/Documents/GitHub/Ludum-Dare-50/SupermarketSweep/Saved/Config/Windows/Scalability.ini]
[2022.04.02-10.22.45:389][  0]LogConfig: Setting CVar [[r.LightFunctionQuality:1]]
[2022.04.02-10.22.45:389][  0]LogConfig: Setting CVar [[r.ShadowQuality:5]]
[2022.04.02-10.22.45:389][  0]LogConfig: Setting CVar [[r.Shadow.CSM.MaxCascades:10]]
[2022.04.02-10.22.45:389][  0]LogConfig: Setting CVar [[r.Shadow.MaxResolution:2048]]
[2022.04.02-10.22.45:389][  0]LogConfig: Setting CVar [[r.Shadow.MaxCSMResolution:2048]]
[2022.04.02-10.22.45:389][  0]LogConfig: Setting CVar [[r.Shadow.RadiusThreshold:0.01]]
[2022.04.02-10.22.45:389][  0]LogConfig: Setting CVar [[r.Shadow.DistanceScale:1.0]]
[2022.04.02-10.22.45:389][  0]LogConfig: Setting CVar [[r.Shadow.CSM.TransitionScale:1.0]]
[2022.04.02-10.22.45:389][  0]LogConfig: Setting CVar [[r.Shadow.PreShadowResolutionFactor:1.0]]
[2022.04.02-10.22.45:389][  0]LogConfig: Setting CVar [[r.DistanceFieldShadowing:1]]
[2022.04.02-10.22.45:389][  0]LogConfig: Setting CVar [[r.DistanceFieldAO:1]]
[2022.04.02-10.22.45:389][  0]LogConfig: Setting CVar [[r.AOQuality:2]]
[2022.04.02-10.22.45:389][  0]LogConfig: Setting CVar [[r.VolumetricFog:1]]
[2022.04.02-10.22.45:389][  0]LogConfig: Setting CVar [[r.VolumetricFog.GridPixelSize:8]]
[2022.04.02-10.22.45:389][  0]LogConfig: Setting CVar [[r.VolumetricFog.GridSizeZ:128]]
[2022.04.02-10.22.45:389][  0]LogConfig: Setting CVar [[r.VolumetricFog.HistoryMissSupersampleCount:4]]
[2022.04.02-10.22.45:389][  0]LogConfig: Setting CVar [[r.LightMaxDrawDistanceScale:1]]
[2022.04.02-10.22.45:389][  0]LogConfig: Setting CVar [[r.CapsuleShadows:1]]
[2022.04.02-10.22.45:389][  0]LogConfig: Applying CVar settings from Section [PostProcessQuality@3] File [C:/Users/odinm/Documents/GitHub/Ludum-Dare-50/SupermarketSweep/Saved/Config/Windows/Scalability.ini]
[2022.04.02-10.22.45:389][  0]LogConfig: Setting CVar [[r.MotionBlurQuality:4]]
[2022.04.02-10.22.45:389][  0]LogConfig: Setting CVar [[r.AmbientOcclusionMipLevelFactor:0.4]]
[2022.04.02-10.22.45:389][  0]LogConfig: Setting CVar [[r.AmbientOcclusionMaxQuality:100]]
[2022.04.02-10.22.45:389][  0]LogConfig: Setting CVar [[r.AmbientOcclusionLevels:-1]]
[2022.04.02-10.22.45:389][  0]LogConfig: Setting CVar [[r.AmbientOcclusionRadiusScale:1.0]]
[2022.04.02-10.22.45:389][  0]LogConfig: Setting CVar [[r.DepthOfFieldQuality:2]]
[2022.04.02-10.22.45:389][  0]LogConfig: Setting CVar [[r.RenderTargetPoolMin:400]]
[2022.04.02-10.22.45:389][  0]LogConfig: Setting CVar [[r.LensFlareQuality:2]]
[2022.04.02-10.22.45:389][  0]LogConfig: Setting CVar [[r.SceneColorFringeQuality:1]]
[2022.04.02-10.22.45:389][  0]LogConfig: Setting CVar [[r.EyeAdaptationQuality:2]]
[2022.04.02-10.22.45:389][  0]LogConfig: Setting CVar [[r.BloomQuality:5]]
[2022.04.02-10.22.45:389][  0]LogConfig: Setting CVar [[r.FastBlurThreshold:100]]
[2022.04.02-10.22.45:389][  0]LogConfig: Setting CVar [[r.Upscale.Quality:3]]
[2022.04.02-10.22.45:389][  0]LogConfig: Setting CVar [[r.Tonemapper.GrainQuantization:1]]
[2022.04.02-10.22.45:389][  0]LogConfig: Setting CVar [[r.LightShaftQuality:1]]
[2022.04.02-10.22.45:389][  0]LogConfig: Setting CVar [[r.Filter.SizeScale:1]]
[2022.04.02-10.22.45:389][  0]LogConfig: Setting CVar [[r.Tonemapper.Quality:5]]
[2022.04.02-10.22.45:389][  0]LogConfig: Setting CVar [[r.DOF.Gather.AccumulatorQuality:1        ; higher gathering accumulator quality]]
[2022.04.02-10.22.45:389][  0]LogConfig: Setting CVar [[r.DOF.Gather.PostfilterMethod:1          ; Median3x3 postfilering method]]
[2022.04.02-10.22.45:389][  0]LogConfig: Setting CVar [[r.DOF.Gather.EnableBokehSettings:0       ; no bokeh simulation when gathering]]
[2022.04.02-10.22.45:389][  0]LogConfig: Setting CVar [[r.DOF.Gather.RingCount:4                 ; medium number of samples when gathering]]
[2022.04.02-10.22.45:390][  0]LogConfig: Setting CVar [[r.DOF.Scatter.ForegroundCompositing:1    ; additive foreground scattering]]
[2022.04.02-10.22.45:390][  0]LogConfig: Setting CVar [[r.DOF.Scatter.BackgroundCompositing:2    ; additive background scattering]]
[2022.04.02-10.22.45:390][  0]LogConfig: Setting CVar [[r.DOF.Scatter.EnableBokehSettings:1      ; bokeh simulation when scattering]]
[2022.04.02-10.22.45:390][  0]LogConfig: Setting CVar [[r.DOF.Scatter.MaxSpriteRatio:0.1         ; only a maximum of 10% of scattered bokeh]]
[2022.04.02-10.22.45:390][  0]LogConfig: Setting CVar [[r.DOF.Recombine.Quality:1                ; cheap slight out of focus]]
[2022.04.02-10.22.45:390][  0]LogConfig: Setting CVar [[r.DOF.Recombine.EnableBokehSettings:0    ; no bokeh simulation on slight out of focus]]
[2022.04.02-10.22.45:390][  0]LogConfig: Setting CVar [[r.DOF.TemporalAAQuality:1                ; more stable temporal accumulation]]
[2022.04.02-10.22.45:390][  0]LogConfig: Setting CVar [[r.DOF.Kernel.MaxForegroundRadius:0.025]]
[2022.04.02-10.22.45:390][  0]LogConfig: Setting CVar [[r.DOF.Kernel.MaxBackgroundRadius:0.025]]
[2022.04.02-10.22.45:390][  0]LogConfig: Applying CVar settings from Section [TextureQuality@3] File [C:/Users/odinm/Documents/GitHub/Ludum-Dare-50/SupermarketSweep/Saved/Config/Windows/Scalability.ini]
[2022.04.02-10.22.45:390][  0]LogConfig: Setting CVar [[r.Streaming.MipBias:0]]
[2022.04.02-10.22.45:390][  0]LogConfig: Setting CVar [[r.Streaming.AmortizeCPUToGPUCopy:0]]
[2022.04.02-10.22.45:390][  0]LogConfig: Setting CVar [[r.Streaming.MaxNumTexturesToStreamPerFrame:0]]
[2022.04.02-10.22.45:390][  0]LogConfig: Setting CVar [[r.Streaming.Boost:1]]
[2022.04.02-10.22.45:390][  0]LogConfig: Setting CVar [[r.MaxAnisotropy:8]]
[2022.04.02-10.22.45:390][  0]LogConfig: Setting CVar [[r.VT.MaxAnisotropy:8]]
[2022.04.02-10.22.45:390][  0]LogConfig: Setting CVar [[r.Streaming.LimitPoolSizeToVRAM:0]]
[2022.04.02-10.22.45:390][  0]LogConfig: Setting CVar [[r.Streaming.PoolSize:1000]]
[2022.04.02-10.22.45:390][  0]LogConfig: Setting CVar [[r.Streaming.MaxEffectiveScreenSize:0]]
[2022.04.02-10.22.45:390][  0]LogConfig: Applying CVar settings from Section [EffectsQuality@3] File [C:/Users/odinm/Documents/GitHub/Ludum-Dare-50/SupermarketSweep/Saved/Config/Windows/Scalability.ini]
[2022.04.02-10.22.45:390][  0]LogConfig: Setting CVar [[r.TranslucencyLightingVolumeDim:64]]
[2022.04.02-10.22.45:390][  0]LogConfig: Setting CVar [[r.RefractionQuality:2]]
[2022.04.02-10.22.45:390][  0]LogConfig: Setting CVar [[r.SSR.Quality:3]]
[2022.04.02-10.22.45:390][  0]LogConfig: Setting CVar [[r.SSR.HalfResSceneColor:0]]
[2022.04.02-10.22.45:390][  0]LogConfig: Setting CVar [[r.SceneColorFormat:4]]
[2022.04.02-10.22.45:390][  0]LogConfig: Setting CVar [[r.DetailMode:2]]
[2022.04.02-10.22.45:390][  0]LogConfig: Setting CVar [[r.TranslucencyVolumeBlur:1]]
[2022.04.02-10.22.45:390][  0]LogConfig: Setting CVar [[r.MaterialQualityLevel:1 ; High quality]]
[2022.04.02-10.22.45:390][  0]LogConfig: Setting CVar [[r.AnisotropicMaterials:1]]
[2022.04.02-10.22.45:390][  0]LogConfig: Setting CVar [[r.SSS.Scale:1]]
[2022.04.02-10.22.45:390][  0]LogConfig: Setting CVar [[r.SSS.SampleSet:2]]
[2022.04.02-10.22.45:390][  0]LogConfig: Setting CVar [[r.SSS.Quality:1]]
[2022.04.02-10.22.45:390][  0]LogConfig: Setting CVar [[r.SSS.HalfRes:0]]
[2022.04.02-10.22.45:390][  0]LogConfig: Setting CVar [[r.SSGI.Quality:3]]
[2022.04.02-10.22.45:390][  0]LogConfig: Setting CVar [[r.EmitterSpawnRateScale:1.0]]
[2022.04.02-10.22.45:390][  0]LogConfig: Setting CVar [[r.ParticleLightQuality:2]]
[2022.04.02-10.22.45:390][  0]LogConfig: Setting CVar [[r.SkyAtmosphere.AerialPerspectiveLUT.FastApplyOnOpaque:1 ; Always have FastSkyLUT 1 in this case to avoid wrong sky]]
[2022.04.02-10.22.45:390][  0]LogConfig: Setting CVar [[r.SkyAtmosphere.AerialPerspectiveLUT.SampleCountMaxPerSlice:4]]
[2022.04.02-10.22.45:390][  0]LogConfig: Setting CVar [[r.SkyAtmosphere.AerialPerspectiveLUT.DepthResolution:16.0]]
[2022.04.02-10.22.45:390][  0]LogConfig: Setting CVar [[r.SkyAtmosphere.FastSkyLUT:1]]
[2022.04.02-10.22.45:390][  0]LogConfig: Setting CVar [[r.SkyAtmosphere.FastSkyLUT.SampleCountMin:4.0]]
[2022.04.02-10.22.45:390][  0]LogConfig: Setting CVar [[r.SkyAtmosphere.FastSkyLUT.SampleCountMax:128.0]]
[2022.04.02-10.22.45:390][  0]LogConfig: Setting CVar [[r.SkyAtmosphere.SampleCountMin:4.0]]
[2022.04.02-10.22.45:390][  0]LogConfig: Setting CVar [[r.SkyAtmosphere.SampleCountMax:128.0]]
[2022.04.02-10.22.45:390][  0]LogConfig: Setting CVar [[r.SkyAtmosphere.TransmittanceLUT.UseSmallFormat:0]]
[2022.04.02-10.22.45:390][  0]LogConfig: Setting CVar [[r.SkyAtmosphere.TransmittanceLUT.SampleCount:10.0]]
[2022.04.02-10.22.45:390][  0]LogConfig: Setting CVar [[r.SkyAtmosphere.MultiScatteringLUT.SampleCount:15.0]]
[2022.04.02-10.22.45:390][  0]LogConfig: Setting CVar [[r.SkyLight.RealTimeReflectionCapture:1]]
[2022.04.02-10.22.45:390][  0]LogConfig: Applying CVar settings from Section [FoliageQuality@3] File [C:/Users/odinm/Documents/GitHub/Ludum-Dare-50/SupermarketSweep/Saved/Config/Windows/Scalability.ini]
[2022.04.02-10.22.45:390][  0]LogConfig: Setting CVar [[foliage.DensityScale:1.0]]
[2022.04.02-10.22.45:390][  0]LogConfig: Setting CVar [[grass.DensityScale:1.0]]
[2022.04.02-10.22.45:390][  0]LogConfig: Applying CVar settings from Section [ShadingQuality@3] File [C:/Users/odinm/Documents/GitHub/Ludum-Dare-50/SupermarketSweep/Saved/Config/Windows/Scalability.ini]
[2022.04.02-10.22.45:390][  0]LogConfig: Setting CVar [[r.HairStrands.SkyLighting.IntegrationType:2]]
[2022.04.02-10.22.45:390][  0]LogConfig: Setting CVar [[r.HairStrands.SkyAO.SampleCount:4]]
[2022.04.02-10.22.45:390][  0]LogConfig: Setting CVar [[r.HairStrands.Visibility.MSAA.SamplePerPixel:4]]
[2022.04.02-10.22.45:390][  0]LogConfig: Applying CVar settings from Section [Startup] File [../../../Engine/Config/ConsoleVariables.ini]
[2022.04.02-10.22.45:390][  0]LogConfig: Setting CVar [[net.UseAdaptiveNetUpdateFrequency:0]]
[2022.04.02-10.22.45:390][  0]LogConfig: Setting CVar [[p.chaos.AllowCreatePhysxBodies:1]]
[2022.04.02-10.22.45:390][  0]LogConfig: Setting CVar [[fx.SkipVectorVMBackendOptimizations:1]]
[2022.04.02-10.22.45:390][  0]LogConfig: Applying CVar settings from Section [ConsoleVariables] File [C:/Users/odinm/Documents/GitHub/Ludum-Dare-50/SupermarketSweep/Saved/Config/Windows/Engine.ini]
[2022.04.02-10.22.45:390][  0]LogConfig: Applying CVar settings from Section [ConsoleVariables] File [C:/Users/odinm/Documents/GitHub/Ludum-Dare-50/SupermarketSweep/Saved/Config/Windows/Editor.ini]
[2022.04.02-10.22.45:390][  0]LogInit: Computer: DESKTOP-HVR2R23
[2022.04.02-10.22.45:390][  0]LogInit: User: odinm
[2022.04.02-10.22.45:390][  0]LogInit: CPU Page size=4096, Cores=6
[2022.04.02-10.22.45:390][  0]LogInit: High frequency timer resolution =10.000000 MHz
[2022.04.02-10.22.45:390][  0]LogMemory: Memory total: Physical=15.8GB (16GB approx)
[2022.04.02-10.22.45:390][  0]LogMemory: Platform Memory Stats for Windows
[2022.04.02-10.22.45:390][  0]LogMemory: Process Physical Memory: 142.99 MB used, 142.99 MB peak
[2022.04.02-10.22.45:390][  0]LogMemory: Process Virtual Memory: 127.81 MB used, 127.81 MB peak
[2022.04.02-10.22.45:390][  0]LogMemory: Physical Memory: 11850.89 MB used,  4364.16 MB free, 16215.05 MB total
[2022.04.02-10.22.45:390][  0]LogMemory: Virtual Memory: 134191968.00 MB used,  25756.13 MB free, 134217728.00 MB total
[2022.04.02-10.22.45:396][  0]LogWindows: WindowsPlatformFeatures enabled
[2022.04.02-10.22.45:454][  0]LogInit: Physics initialised using underlying interface: PhysX
[2022.04.02-10.22.45:455][  0]LogInit: Using OS detected language (en-GB).
[2022.04.02-10.22.45:455][  0]LogInit: Using OS detected locale (en-GB).
[2022.04.02-10.22.45:459][  0]LogTextLocalizationManager: No specific localization for 'en-GB' exists, so the 'en' localization will be used.
[2022.04.02-10.22.45:619][  0]LogInit: Setting process to per monitor DPI aware
[2022.04.02-10.22.45:634][  0]LogWindowsTextInputMethodSystem: Display: IME system deactivated.
[2022.04.02-10.22.45:650][  0]LogSlate: New Slate User Created.  User Index 0, Is Virtual User: 0
[2022.04.02-10.22.45:650][  0]LogSlate: Slate User Registered.  User Index 0, Is Virtual User: 0
[2022.04.02-10.22.45:785][  0]LogD3D11RHI: Loaded GFSDK_Aftermath_Lib.x64.dll
[2022.04.02-10.22.45:855][  0]LogHMD: Failed to initialize OpenVR with code 108
[2022.04.02-10.22.45:855][  0]LogD3D11RHI: D3D11 min allowed feature level: 11_0
[2022.04.02-10.22.45:855][  0]LogD3D11RHI: D3D11 max allowed feature level: 11_0
[2022.04.02-10.22.45:855][  0]LogD3D11RHI: D3D11 adapters:
[2022.04.02-10.22.45:963][  0]LogD3D11RHI:    0. 'NVIDIA GeForce RTX 2070 with Max-Q Design' (Feature Level 11_0)
[2022.04.02-10.22.45:963][  0]LogD3D11RHI:       8031/0/8107 MB DedicatedVideo/DedicatedSystem/SharedSystem, Outputs:2, VendorId:0x10de
[2022.04.02-10.22.46:001][  0]LogD3D11RHI:    1. 'Intel(R) UHD Graphics' (Feature Level 11_0)
[2022.04.02-10.22.46:001][  0]LogD3D11RHI:       128/0/8107 MB DedicatedVideo/DedicatedSystem/SharedSystem, Outputs:0, VendorId:0x8086
[2022.04.02-10.22.46:004][  0]LogD3D11RHI:    2. 'Microsoft Basic Render Driver' (Feature Level 11_0)
[2022.04.02-10.22.46:004][  0]LogD3D11RHI:       0/0/8107 MB DedicatedVideo/DedicatedSystem/SharedSystem, Outputs:0, VendorId:0x1414
[2022.04.02-10.22.46:004][  0]LogD3D11RHI: Chosen D3D11 Adapter:
[2022.04.02-10.22.46:004][  0]LogD3D11RHI:     Description : NVIDIA GeForce RTX 2070 with Max-Q Design
[2022.04.02-10.22.46:004][  0]LogD3D11RHI:     VendorId    : 10de
[2022.04.02-10.22.46:004][  0]LogD3D11RHI:     DeviceId    : 1f14
[2022.04.02-10.22.46:004][  0]LogD3D11RHI:     SubSysId    : 14461025
[2022.04.02-10.22.46:004][  0]LogD3D11RHI:     Revision    : 00a1
[2022.04.02-10.22.46:004][  0]LogD3D11RHI:     DedicatedVideoMemory : 8421113856 bytes
[2022.04.02-10.22.46:004][  0]LogD3D11RHI:     DedicatedSystemMemory : 0 bytes
[2022.04.02-10.22.46:004][  0]LogD3D11RHI:     SharedSystemMemory : 8501356544 bytes
[2022.04.02-10.22.46:004][  0]LogD3D11RHI:     AdapterLuid : 0 69835
[2022.04.02-10.22.46:009][  0]LogD3D11RHI: Creating new Direct3DDevice
[2022.04.02-10.22.46:009][  0]LogD3D11RHI:     GPU DeviceId: 0x1f14 (for the marketing name, search the web for "GPU Device Id")
[2022.04.02-10.22.46:009][  0]LogWindows: EnumDisplayDevices:
[2022.04.02-10.22.46:009][  0]LogWindows:    0. 'Intel(R) UHD Graphics' (P:1 D:1)
[2022.04.02-10.22.46:010][  0]LogWindows:    1. 'Intel(R) UHD Graphics' (P:0 D:0)
[2022.04.02-10.22.46:010][  0]LogWindows:    2. 'Intel(R) UHD Graphics' (P:0 D:0)
[2022.04.02-10.22.46:010][  0]LogWindows:    3. 'NVIDIA GeForce RTX 2070 with Max-Q Design' (P:0 D:1)
[2022.04.02-10.22.46:010][  0]LogWindows:    4. 'NVIDIA GeForce RTX 2070 with Max-Q Design' (P:0 D:0)
[2022.04.02-10.22.46:011][  0]LogWindows:    5. 'NVIDIA GeForce RTX 2070 with Max-Q Design' (P:0 D:0)
[2022.04.02-10.22.46:011][  0]LogWindows:    6. 'NVIDIA GeForce RTX 2070 with Max-Q Design' (P:0 D:0)
[2022.04.02-10.22.46:011][  0]LogWindows: DebugString: PrimaryIsNotTheChoosenAdapter PrimaryIsNotTheChoosenAdapter PrimaryIsNotTheChoosenAdapter FoundDriverCount:4 
[2022.04.02-10.22.46:011][  0]LogD3D11RHI:     Adapter Name: NVIDIA GeForce RTX 2070 with Max-Q Design
[2022.04.02-10.22.46:011][  0]LogD3D11RHI:   Driver Version: 511.79 (internal:30.0.15.1179, unified:511.79)
[2022.04.02-10.22.46:011][  0]LogD3D11RHI:      Driver Date: 2-10-2022
[2022.04.02-10.22.46:011][  0]LogRHI: Texture pool is 5621 MB (70% of 8031 MB)
[2022.04.02-10.22.46:011][  0]LogD3D11RHI: Creating D3DDevice using adapter:
[2022.04.02-10.22.46:011][  0]LogD3D11RHI:     Description : NVIDIA GeForce RTX 2070 with Max-Q Design
[2022.04.02-10.22.46:011][  0]LogD3D11RHI:     VendorId    : 10de
[2022.04.02-10.22.46:011][  0]LogD3D11RHI:     DeviceId    : 1f14
[2022.04.02-10.22.46:011][  0]LogD3D11RHI:     SubSysId    : 14461025
[2022.04.02-10.22.46:011][  0]LogD3D11RHI:     Revision    : 00a1
[2022.04.02-10.22.46:011][  0]LogD3D11RHI:     DedicatedVideoMemory : 8421113856 bytes
[2022.04.02-10.22.46:011][  0]LogD3D11RHI:     DedicatedSystemMemory : 0 bytes
[2022.04.02-10.22.46:011][  0]LogD3D11RHI:     SharedSystemMemory : 8501356544 bytes
[2022.04.02-10.22.46:011][  0]LogD3D11RHI:     AdapterLuid : 0 69835
[2022.04.02-10.22.46:064][  0]LogD3D11RHI: RHI has support for 64 bit atomics
[2022.04.02-10.22.46:064][  0]LogD3D11RHI: Async texture creation enabled
[2022.04.02-10.22.46:064][  0]LogD3D11RHI: Array index from any shader is supported
[2022.04.02-10.22.46:081][  0]LogD3D11RHI: GPU Timing Frequency: 1000.000000 (Debug: 2 1)
[2022.04.02-10.22.46:156][  0]LogRHI: GeForceNow SDK initialized: 1
[2022.04.02-10.22.46:470][  0]LogTargetPlatformManager: Display: Loaded TargetPlatform 'AllDesktop'
[2022.04.02-10.22.46:490][  0]LogTargetPlatformManager: Display: Loaded TargetPlatform 'Android'
[2022.04.02-10.22.46:490][  0]LogTargetPlatformManager: Display: Loaded TargetPlatform 'Android_ASTC'
[2022.04.02-10.22.46:490][  0]LogTargetPlatformManager: Display: Loaded TargetPlatform 'Android_DXT'
[2022.04.02-10.22.46:490][  0]LogTargetPlatformManager: Display: Loaded TargetPlatform 'Android_ETC2'
[2022.04.02-10.22.46:490][  0]LogTargetPlatformManager: Display: Loaded TargetPlatform 'AndroidClient'
[2022.04.02-10.22.46:490][  0]LogTargetPlatformManager: Display: Loaded TargetPlatform 'Android_ASTCClient'
[2022.04.02-10.22.46:490][  0]LogTargetPlatformManager: Display: Loaded TargetPlatform 'Android_DXTClient'
[2022.04.02-10.22.46:490][  0]LogTargetPlatformManager: Display: Loaded TargetPlatform 'Android_ETC2Client'
[2022.04.02-10.22.46:490][  0]LogTargetPlatformManager: Display: Loaded TargetPlatform 'Android_Multi'
[2022.04.02-10.22.46:490][  0]LogTargetPlatformManager: Display: Loaded TargetPlatform 'Android_MultiClient'
[2022.04.02-10.22.46:509][  0]LogTargetPlatformManager: Display: Loaded TargetPlatform 'IOSClient'
[2022.04.02-10.22.46:509][  0]LogTargetPlatformManager: Display: Loaded TargetPlatform 'IOS'
[2022.04.02-10.22.46:519][  0]LogTargetPlatformManager: Display: Loaded TargetPlatform 'Linux'
[2022.04.02-10.22.46:524][  0]LogTargetPlatformManager: Display: Loaded TargetPlatform 'LinuxNoEditor'
[2022.04.02-10.22.46:528][  0]LogTargetPlatformManager: Display: Loaded TargetPlatform 'LinuxClient'
[2022.04.02-10.22.46:533][  0]LogTargetPlatformManager: Display: Loaded TargetPlatform 'LinuxServer'
[2022.04.02-10.22.46:543][  0]LogTargetPlatformManager: Display: Loaded TargetPlatform 'LinuxAArch64NoEditor'
[2022.04.02-10.22.46:548][  0]LogTargetPlatformManager: Display: Loaded TargetPlatform 'LinuxAArch64Client'
[2022.04.02-10.22.46:553][  0]LogTargetPlatformManager: Display: Loaded TargetPlatform 'LinuxAArch64Server'
[2022.04.02-10.22.46:575][  0]LogTargetPlatformManager: Display: Loaded TargetPlatform 'Lumin'
[2022.04.02-10.22.46:575][  0]LogTargetPlatformManager: Display: Loaded TargetPlatform 'LuminClient'
[2022.04.02-10.22.46:583][  0]LogTargetPlatformManager: Display: Loaded TargetPlatform 'MacNoEditor'
[2022.04.02-10.22.46:588][  0]LogTargetPlatformManager: Display: Loaded TargetPlatform 'Mac'
[2022.04.02-10.22.46:593][  0]LogTargetPlatformManager: Display: Loaded TargetPlatform 'MacClient'
[2022.04.02-10.22.46:598][  0]LogTargetPlatformManager: Display: Loaded TargetPlatform 'MacServer'
[2022.04.02-10.22.46:608][  0]LogTargetPlatformManager: Display: Loaded TargetPlatform 'TVOSClient'
[2022.04.02-10.22.46:608][  0]LogTargetPlatformManager: Display: Loaded TargetPlatform 'TVOS'
[2022.04.02-10.22.46:618][  0]LogTargetPlatformManager: Display: Loaded TargetPlatform 'WindowsNoEditor'
[2022.04.02-10.22.46:623][  0]LogTargetPlatformManager: Display: Loaded TargetPlatform 'Windows'
[2022.04.02-10.22.46:627][  0]LogTargetPlatformManager: Display: Loaded TargetPlatform 'WindowsClient'
[2022.04.02-10.22.46:632][  0]LogTargetPlatformManager: Display: Loaded TargetPlatform 'WindowsServer'
[2022.04.02-10.22.46:633][  0]LogTargetPlatformManager: Display: Building Assets For Windows
[2022.04.02-10.22.46:643][  0]LogAudioDebug: Display: Lib vorbis DLL was dynamically loaded.
[2022.04.02-10.22.46:684][  0]LogTextureFormatOodle: Display: Oodle Texture 2.9.0 init RDO Off
[2022.04.02-10.22.46:721][  0]LogRendererCore: Ray tracing is disabled. Reason: r.RayTracing=0.
[2022.04.02-10.22.46:721][  0]LogShaderCompilers: Guid format shader working directory is -32 characters bigger than the processId version (../../../../../../Users/odinm/Documents/GitHub/Ludum-Dare-50/SupermarketSweep/Intermediate/Shaders/WorkingDirectory/26572/).
[2022.04.02-10.22.46:721][  0]LogShaderCompilers: Cleaned the shader compiler working directory 'C:/Users/odinm/AppData/Local/Temp/UnrealShaderWorkingDir/7076B5E840165D2A928E92A5D054FA34/'.
[2022.04.02-10.22.46:721][  0]LogXGEController: Cannot use XGE Controller as Incredibuild is not installed on this machine.
[2022.04.02-10.22.46:721][  0]LogShaderCompilers: Cannot use XGE Shader Compiler as Incredibuild is not installed on this machine.
[2022.04.02-10.22.46:721][  0]LogShaderCompilers: Display: Using Local Shader Compiler.
[2022.04.02-10.22.47:397][  0]LogDerivedDataCache: Display: Max Cache Size: 512 MB
[2022.04.02-10.22.47:446][  0]LogDerivedDataCache: Loaded boot cache 0.05s 94MB C:/Users/odinm/AppData/Local/UnrealEngine/4.27/DerivedDataCache/Boot.ddc.
[2022.04.02-10.22.47:446][  0]LogDerivedDataCache: Display: Loaded Boot cache: C:/Users/odinm/AppData/Local/UnrealEngine/4.27/DerivedDataCache/Boot.ddc
[2022.04.02-10.22.47:446][  0]LogDerivedDataCache: FDerivedDataBackendGraph:  Pak pak cache file ../../../../../../Users/odinm/Documents/GitHub/Ludum-Dare-50/SupermarketSweep/DerivedDataCache/DDC.ddp not found, will not use a pak cache.
[2022.04.02-10.22.47:446][  0]LogDerivedDataCache: Unable to find inner node Pak for hierarchical cache Hierarchy.
[2022.04.02-10.22.47:446][  0]LogDerivedDataCache: FDerivedDataBackendGraph:  CompressedPak pak cache file ../../../../../../Users/odinm/Documents/GitHub/Ludum-Dare-50/SupermarketSweep/DerivedDataCache/Compressed.ddp not found, will not use a pak cache.
[2022.04.02-10.22.47:446][  0]LogDerivedDataCache: Unable to find inner node CompressedPak for hierarchical cache Hierarchy.
[2022.04.02-10.22.47:460][  0]LogDerivedDataCache: Display: Pak cache opened for reading ../../../Engine/DerivedDataCache/Compressed.ddp.
[2022.04.02-10.22.47:460][  0]LogDerivedDataCache: FDerivedDataBackendGraph:  EnterprisePak pak cache file ../../../Enterprise/DerivedDataCache/Compressed.ddp not found, will not use a pak cache.
[2022.04.02-10.22.47:460][  0]LogDerivedDataCache: Unable to find inner node EnterprisePak for hierarchical cache Hierarchy.
[2022.04.02-10.22.47:469][  0]LogDerivedDataCache: Speed tests for C:/Users/odinm/AppData/Local/UnrealEngine/Common/DerivedDataCache took 0.01 seconds
[2022.04.02-10.22.47:469][  0]LogDerivedDataCache: Display: Performance to C:/Users/odinm/AppData/Local/UnrealEngine/Common/DerivedDataCache: Latency=0.05ms. RandomReadSpeed=1245.23MBs, RandomWriteSpeed=137.29MBs. Assigned SpeedClass 'Local'
[2022.04.02-10.22.47:469][  0]LogDerivedDataCache: Using Local data cache path C:/Users/odinm/AppData/Local/UnrealEngine/Common/DerivedDataCache: Writable
[2022.04.02-10.22.47:469][  0]LogDerivedDataCache: Shared data cache path not found in *engine.ini, will not use an Shared cache.
[2022.04.02-10.22.47:469][  0]LogDerivedDataCache: Unable to find inner node Shared for hierarchical cache Hierarchy.
[2022.04.02-10.22.47:511][  0]LogSlate: Using FreeType 2.10.0
[2022.04.02-10.22.47:512][  0]LogSlate: SlateFontServices - WITH_FREETYPE: 1, WITH_HARFBUZZ: 1
[2022.04.02-10.22.47:534][  0]LogAssetRegistry: FAssetRegistry took 0.0024 seconds to start up
[2022.04.02-10.22.47:794][  0]LogInit: Selected Device Profile: [Windows]
[2022.04.02-10.22.47:794][  0]LogInit: Active device profile: [00000181C4AE3B00][00000181C5471A80 49] Windows
[2022.04.02-10.22.47:794][  0]LogInit: Profiles: [00000181C4AE3B00][00000181C5471A80 49] Windows, [00000181C4A84600][00000181C5479C00 49] WindowsNoEditor, [00000181C4AE0600][00000181C5480200 49] WindowsServer, [00000181C4A87500][00000181C5484380 49] WindowsClient, [00000181C4AE3400][00000181C5488500 49] IOS, [00000181C4A84F00][00000181C548C680 49] iPadAir, [00000181C4AE0E00][00000181C1D0E800 49] iPadAir2, [00000181C4920500][00000181C1D18A40 49] IPadPro, [00000181C4920600][00000181C5474A80 49] iPadAir3, [00000181C4AE2E00][00000181C1D22BC0 49] iPadAir4, [00000181C4923800][00000181C1D26D00 49] iPadMini2, [00000181C4AE1200][00000181C1D56E80 49] iPadMini3, [00000181C4921600][00000181B62D7000 49] iPadMini4, [00000181C4AE2700][00000181C1DD3180 49] iPadMini5, [00000181C489FD00][00000181C1DDB440 49] iPhone6, [00000181C489FE00][00000181C1DD7480 49] iPodTouch6, [00000181C4923200][00000181C1DE3740 49] iPhone7, [00000181C4923300][00000181C1DDF780 49] iPodTouch7, [00000181C489CB00][00000181C1DE7900 49] iPhone5S, [00000181C4922700][00000181C1DF7A80 49] iPhone6Plus, [00000181C489EF00][00000181C1DFBC00 49] iPhone6S, [00000181C4923E00][00000181C1DFE200 49] iPhone6SPlus, [00000181C489D200][00000181C1E02380 49] iPhone7Plus, [00000181C4921000][00000181BA0CC500 49] iPhoneSE, [00000181C489E800][00000181BA10C680 49] iPhone8, [00000181C4921700][00000181BA148800 49] iPhone8Plus, [00000181C489D900][00000181BA15C980 49] iPhoneX, [00000181C4923B00][00000181BA160B00 49] iPhoneXS, [00000181C489FC00][00000181C1D52C40 49] iPhoneXSMax, [00000181C4921D00][00000181BA164D80 49] iPhoneXR, [00000181C489C700][00000181BA168EC0 49] iPhone11, [00000181C4923700][00000181BA171040 49] iPhone11Pro, [00000181C489CC00][00000181BA1751C0 49] iPhone11ProMax, [00000181C4922100][00000181BA179340 49] iPhoneSE2, [00000181C489ED00][00000181BA17D4C0 49] iPhone12Mini, [00000181C4920D00][00000181BA181640 49] iPhone12, [00000181C489D300][00000181BA1857C0 49] iPhone12Pro, [00000181C4920100][00000181BA189940 49] iPhone12ProMax, [00000181C489C900][00000181BA18DAC0 49] iPadPro105, [00000181C4921E00][00000181BA1900C0 49] iPadPro129, [00000181C489E500][00000181BA194240 49] iPadPro97, [00000181C4920E00][00000181C56CE3C0 49] iPadPro2_129, [00000181C489CA00][00000181C56D2540 49] iPad5, [00000181C4922800][00000181C56D66C0 49] iPad6, [00000181C489DB00][00000181C56DA840 49] iPad7, [00000181C4921B00][00000181C56DE9C0 49] iPad8, [00000181C489D400][00000181C56E2B40 49] iPadPro11, [00000181C4921300][00000181C56E6CC0 49] iPadPro2_11, [00000181C489E700][00000181BA16CE00 49] iPadPro3_129, [00000181C4921C00][00000181C56EAF40 49] iPadPro4_129, [00000181C489E400][00000181C56EF080 49] AppleTV, [00000181C4922200][00000181C56F31C0 49] AppleTV4K, [00000181C489F400][00000181C56FB340 49] TVOS, [00000181C4921400][00000181C56FF4C0 49] Mac, [00000181C489E100][00000181C5703640 49] MacClient, [00000181C4921200][00000181C57077C0 49] MacNoEditor, [00000181C489E200][00000181C570B940 49] MacServer, [00000181C4920400][00000181C570FAC0 49] Linux, [00000181C489C100][00000181C57120C0 49] LinuxAArch64, [00000181C4921800][00000181C5716240 49] LinuxNoEditor, [00000181C489F000][00000181C571A3C0 49] LinuxAArch64NoEditor, [00000181C4922400][00000181C571E540 49] LinuxClient, [00000181C489DE00][00000181C57226C0 49] LinuxAArch64Client, [00000181C4921A00][00000181C5726840 49] LinuxServer, [00000181C489D800][00000181C572A9C0 49] LinuxAArch64Server, [00000181C4922300][00000181C572EB40 49] Android, [00000181C4B5CF00][00000181C5732CC0 49] Android_Low, [00000181C4A85C00][00000181C5736E40 49] Android_Mid, [00000181C4B5CB00][00000181C56F6F80 49] Android_High, [00000181C4A87600][00000181C573B0C0 49] Android_Default, [00000181C4B5DF00][00000181C573F200 49] Android_Adreno4xx, [00000181C4A85600][00000181C5743340 49] Android_Adreno5xx_Low, [00000181C4B5C700][00000181C574B4C0 49] Android_Adreno5xx, [00000181C4A86000][00000181C574F640 49] Android_Adreno6xx, [00000181C4B5D500][00000181C57537C0 49] Android_Adreno6xx_Vulkan, [00000181C4A86700][00000181C5757940 49] Android_Mali_T6xx, [00000181C4B5DD00][00000181C575BAC0 49] Android_Mali_T7xx, [00000181C4A86300][00000181C575E0C0 49] Android_Mali_T8xx, [00000181C4B5E200][00000181C5762240 49] Android_Mali_G71, [00000181C4A85F00][00000181C57663C0 49] Android_Mali_G72, [00000181C4B5D000][00000181C576A540 49] Android_Mali_G72_Vulkan, [00000181C4A84200][00000181C576E6C0 49] Android_Mali_G76, [00000181C4B5DC00][00000181C5772840 49] Android_Mali_G76_Vulkan, [00000181C4A84300][00000181C57769C0 49] Android_Mali_G77, [00000181C4B5E900][00000181C577AB40 49] Android_Mali_G77_Vulkan, [00000181C4A86400][00000181C577ECC0 49] Android_Mali_G78, [00000181C4B5D100][00000181C5782E40 49] Android_Mali_G78_Vulkan, [00000181C4A87300][00000181C5786FC0 49] Android_Mali_G710, [00000181C4B5D700][00000181C578B140 49] Android_Mali_G710_Vulkan, [00000181C4A87000][00000181C5747280 49] Android_Vulkan_SM5, [00000181C4B5CE00][00000181C578F3C0 49] Android_PowerVR_G6xxx, [00000181C4A86B00][00000181C5793500 49] Android_PowerVR_GT7xxx, [00000181C489DC00][00000181C579B680 49] Android_PowerVR_GE8xxx, [00000181C4A87F00][00000181C579F800 49] Android_PowerVR_GM9xxx, [00000181C489F100][00000181C57A3980 49] Android_PowerVR_GM9xxx_Vulkan, [00000181C4A86200][00000181C57A7B00 49] Android_TegraK1, [00000181C489C500][00000181C57AA100 49] Android_Unknown_Vulkan, [00000181C4A86A00][00000181C57AE280 49] Lumin, [00000181C489FB00][00000181C57B2400 49] Lumin_Desktop, [00000181C4A84C00][00000181C57B6580 49] HoloLens, 
[2022.04.02-10.22.47:913][  0]LogMeshReduction: Using QuadricMeshReduction for automatic static mesh reduction
[2022.04.02-10.22.47:913][  0]LogMeshReduction: Using SimplygonMeshReduction for automatic skeletal mesh reduction
[2022.04.02-10.22.47:913][  0]LogMeshReduction: Using ProxyLODMeshReduction for automatic mesh merging
[2022.04.02-10.22.47:913][  0]LogMeshReduction: No distributed automatic mesh merging module available
[2022.04.02-10.22.47:913][  0]LogMeshMerging: No distributed automatic mesh merging module available
[2022.04.02-10.22.47:928][  0]LogNetVersion: SupermarketSweep 1.0.0, NetCL: 17155196, EngineNetVer: 17, GameNetVer: 0 (Checksum: 3808547842)
[2022.04.02-10.22.48:237][  0]LogTexture: Default maximum texture size for cubemaps generated from long-lat sources has been changed from 512 to unlimited. In order to preserve old behaiour for '/Engine/MapTemplates/Sky/DaylightAmbientCubemap.DaylightAmbientCubemap', its maximum texture size has been explicitly set to 512.
[2022.04.02-10.22.48:286][  0]LogHMD: PokeAHoleMaterial loaded successfully
[2022.04.02-10.22.48:291][  0]LogUObjectArray: 17178 objects as part of root set at end of initial load.
[2022.04.02-10.22.48:291][  0]LogUObjectAllocator: 4302048 out of 0 bytes used by permanent object pool.
[2022.04.02-10.22.48:291][  0]LogUObjectArray: CloseDisregardForGC: 0/0 objects in disregard for GC pool
[2022.04.02-10.22.48:563][  0]LogNiagaraDebuggerClient: Niagara Debugger Client Initialized | Session: 72CA37244602E3E36DCD86BA5BC81E84 | Instance: 66E49FE14335C7FB8875A48F73DD5BC9 (DESKTOP-HVR2R23-26572).
[2022.04.02-10.22.48:672][  0]LogPython: Using Python 3.7.7
[2022.04.02-10.22.49:125][  0]LogUdpMessaging: Initializing bridge on interface 0.0.0.0:0 to multicast group 230.0.0.1:6666.
[2022.04.02-10.22.49:132][  0]LogTcpMessaging: Initializing TcpMessaging bridge
[2022.04.02-10.22.49:224][  0]SourceControl: Source control is disabled
[2022.04.02-10.22.49:224][  0]SourceControl: Source control is disabled
[2022.04.02-10.22.49:229][  0]SourceControl: Source control is disabled
[2022.04.02-10.22.49:232][  0]SourceControl: Source control is disabled
[2022.04.02-10.22.49:247][  0]SourceControl: Source control is disabled
[2022.04.02-10.22.49:255][  0]LogUProjectInfo: Found projects:
[2022.04.02-10.22.49:510][  0]LogOpenImageDenoise: OIDN starting up
[2022.04.02-10.22.49:546][  0]LogAndroidPermission: UAndroidPermissionCallbackProxy::GetInstance
[2022.04.02-10.22.49:574][  0]LogAudioCaptureCore: Display: No Audio Capture implementations found. Audio input will be silent.
[2022.04.02-10.22.49:574][  0]LogAudioCaptureCore: Display: No Audio Capture implementations found. Audio input will be silent.
[2022.04.02-10.22.49:760][  0]LogCollectionManager: Loaded 0 collections in 0.001393 seconds
[2022.04.02-10.22.49:787][  0]LogFileCache: Scanning file cache for directory 'C:/Users/odinm/Documents/GitHub/Ludum-Dare-50/SupermarketSweep/Saved/Collections/' took 0.00s
[2022.04.02-10.22.49:787][  0]LogFileCache: Scanning file cache for directory 'C:/Users/odinm/Documents/GitHub/Ludum-Dare-50/SupermarketSweep/Content/Developers/odinm/Collections/' took 0.00s
[2022.04.02-10.22.49:787][  0]LogFileCache: Scanning file cache for directory 'C:/Users/odinm/Documents/GitHub/Ludum-Dare-50/SupermarketSweep/Content/Collections/' took 0.00s
[2022.04.02-10.22.49:787][  0]LogOcInput: OculusInput pre-init called
[2022.04.02-10.22.49:976][  0]LogEngine: Initializing Engine...
[2022.04.02-10.22.50:043][  0]LogHMD: Failed to initialize OpenVR with code 108
[2022.04.02-10.22.50:084][  0]LogHMD: Optional extension XR_VARJO_quad_views is not available
[2022.04.02-10.22.50:085][  0]LogHMD: Warning: Required extension XR_EXT_eye_gaze_interaction is not available
[2022.04.02-10.22.50:085][  0]LogHMD: Could not enable all required OpenXR extensions for OpenXREyeTracker on current system. This plugin will be loaded but ignored, but will be enabled on a target platform that supports the required extension.
[2022.04.02-10.22.50:126][  0]LogHMD: Failed to create an OpenXR instance, result is XR_ERROR_RUNTIME_FAILURE. Please check if you have an OpenXR runtime installed. The following extensions were enabled:
[2022.04.02-10.22.50:126][  0]LogHMD: - XR_KHR_D3D11_enable
[2022.04.02-10.22.50:126][  0]LogHMD: - XR_KHR_D3D12_enable
[2022.04.02-10.22.50:126][  0]LogHMD: - XR_KHR_opengl_enable
[2022.04.02-10.22.50:126][  0]LogHMD: - XR_KHR_vulkan_enable
[2022.04.02-10.22.50:126][  0]LogHMD: - XR_KHR_composition_layer_depth
[2022.04.02-10.22.50:126][  0]LogHMD: - XR_KHR_visibility_mask
[2022.04.02-10.22.50:126][  0]LogHMD: - XR_EXT_hand_tracking
[2022.04.02-10.22.50:126][  0]LogMagicLeap: Warning: VR disabled because ZI is not enabled.  To enable, in the editor, Edit -> Project Settings -> Plugins -> Magic Leap Plugin -> Enable Zero Iteration
[2022.04.02-10.22.50:126][  0]LogStats: UGameplayTagsManager::InitializeManager -  0.000 s
[2022.04.02-10.22.50:230][  0]LogInit: Initializing FReadOnlyCVARCache
[2022.04.02-10.22.50:239][  0]LogAIModule: Creating AISystem for world Untitled
[2022.04.02-10.22.50:246][  0]LogAudio: Display: Initializing Audio Device Manager...
[2022.04.02-10.22.50:250][  0]LogAudio: Display: Loading Default Audio Settings Objects...
[2022.04.02-10.22.50:250][  0]LogAudio: Display: No default SoundConcurrencyObject specified (or failed to load).
[2022.04.02-10.22.50:251][  0]LogAudio: Display: Audio Device Manager Initialized
[2022.04.02-10.22.50:251][  0]LogAudio: Display: Creating Audio Device:                 Id: 1, Scope: Shared, Realtime: True
[2022.04.02-10.22.50:251][  0]LogAudioMixer: Display: Audio Mixer Platform Settings:
[2022.04.02-10.22.50:251][  0]LogAudioMixer: Display: 	Sample Rate:						  48000
[2022.04.02-10.22.50:251][  0]LogAudioMixer: Display: 	Callback Buffer Frame Size Requested: 1024
[2022.04.02-10.22.50:251][  0]LogAudioMixer: Display: 	Callback Buffer Frame Size To Use:	  1024
[2022.04.02-10.22.50:251][  0]LogAudioMixer: Display: 	Number of buffers to queue:			  2
[2022.04.02-10.22.50:251][  0]LogAudioMixer: Display: 	Max Channels (voices):				  32
[2022.04.02-10.22.50:251][  0]LogAudioMixer: Display: 	Number of Async Source Workers:		  0
[2022.04.02-10.22.50:251][  0]LogAudio: Display: AudioDevice MaxSources: 32
[2022.04.02-10.22.50:251][  0]LogAudio: Display: Audio Spatialization Plugin: None (built-in).
[2022.04.02-10.22.50:251][  0]LogAudio: Display: Audio Reverb Plugin: None (built-in).
[2022.04.02-10.22.50:251][  0]LogAudio: Display: Audio Occlusion Plugin: None (built-in).
[2022.04.02-10.22.50:251][  0]LogAudioMixer: Display: Initializing audio mixer.
[2022.04.02-10.22.50:266][  0]LogAudioMixer: Display: 0: FrontLeft
[2022.04.02-10.22.50:266][  0]LogAudioMixer: Display: 1: FrontRight
[2022.04.02-10.22.50:976][  0]LogAudioMixer: Display: Using Audio Device Speakers (Realtek(R) Audio)
[2022.04.02-10.22.50:978][  0]LogAudioMixer: Display: Initializing Sound Submixes...
[2022.04.02-10.22.50:980][  0]LogAudioMixer: Display: Creating Master Submix 'MasterSubmixDefault'
[2022.04.02-10.22.50:980][  0]LogAudioMixer: Display: Creating Master Submix 'MasterReverbSubmixDefault'
[2022.04.02-10.22.50:981][  0]LogAudioMixer: Display: Creating Master Submix 'MasterEQSubmixDefault'
[2022.04.02-10.22.50:981][  0]LogAudioMixer: FMixerPlatformXAudio2::StartAudioStream() called
[2022.04.02-10.22.50:981][  0]LogAudioMixer: Display: Output buffers initialized: Frames=1024, Channels=2, Samples=2048
[2022.04.02-10.22.50:982][  0]LogAudioMixer: Display: Starting AudioMixerPlatformInterface::RunInternal()
[2022.04.02-10.22.50:982][  0]LogAudioMixer: Display: FMixerPlatformXAudio2::SubmitBuffer() called for the first time
[2022.04.02-10.22.50:982][  0]LogInit: FAudioDevice initialized.
[2022.04.02-10.22.50:982][  0]LogAudio: Display: Audio Device (ID: 1) registered with world 'Untitled'.
[2022.04.02-10.22.50:982][  0]LogNetVersion: Set ProjectVersion to 1.0.0.0. Version Checksum will be recalculated on next use.
[2022.04.02-10.22.51:029][  0]LogDerivedDataCache: Saved boot cache 0.05s 94MB C:/Users/odinm/AppData/Local/UnrealEngine/4.27/DerivedDataCache/Boot.ddc.
[2022.04.02-10.22.51:029][  0]LogInit: Texture streaming: Enabled
[2022.04.02-10.22.51:043][  0]LogAnalytics: Display: [UEEditor.Rocket.Release] APIServer = https://datarouter.ol.epicgames.com/. AppVersion = 4.27.2-18319896+++UE4+Release-4.27
[2022.04.02-10.22.51:047][  0]LogEngineSessionManager: EngineSessionManager initialized
[2022.04.02-10.22.51:047][  0]LogEditorSessionSummary: Verbose: Initializing EditorSessionSummaryWriter for editor session tracking
[2022.04.02-10.22.51:052][  0]LogEditorSessionSummary: EditorSessionSummaryWriter initialized
[2022.04.02-10.22.51:094][  0]LogInit: Transaction tracking system initialized
[2022.04.02-10.22.51:118][  0]BlueprintLog: New page: Editor Load
[2022.04.02-10.22.51:179][  0]LocalizationService: Localization service is disabled
[2022.04.02-10.22.51:202][  0]TimingProfiler: Initialize
[2022.04.02-10.22.51:202][  0]TimingProfiler: OnSessionChanged
[2022.04.02-10.22.51:203][  0]LoadingProfiler: Initialize
[2022.04.02-10.22.51:203][  0]LoadingProfiler: OnSessionChanged
[2022.04.02-10.22.51:203][  0]NetworkingProfiler: Initialize
[2022.04.02-10.22.51:203][  0]NetworkingProfiler: OnSessionChanged
[2022.04.02-10.22.51:203][  0]MemoryProfiler: Initialize
[2022.04.02-10.22.51:203][  0]MemoryProfiler: OnSessionChanged
[2022.04.02-10.22.51:353][  0]LogCook: Display: CookSettings for Memory: MemoryMaxUsedVirtual 0MiB, MemoryMaxUsedPhysical 16384MiB, MemoryMinFreeVirtual 0MiB, MemoryMinFreePhysical 1024MiB
[2022.04.02-10.22.51:354][  0]LogCook: Display: Mobile HDR setting 1
[2022.04.02-10.22.51:549][  0]LogFileCache: Scanning file cache for directory 'C:/Users/odinm/Documents/GitHub/Ludum-Dare-50/SupermarketSweep/Content/' took 0.00s
[2022.04.02-10.22.51:707][  0]LogInit: Display: Engine is initialized. Leaving FEngineLoop::Init()
[2022.04.02-10.22.51:711][  0]SourceControl: Source control is disabled
[2022.04.02-10.22.51:711][  0]LogUnrealEdMisc: Loading editor; pre map load, took 7.438
[2022.04.02-10.22.51:711][  0]Cmd: MAP LOAD FILE="../../../../../../Users/odinm/Documents/GitHub/Ludum-Dare-50/SupermarketSweep/Content/ThirdPersonBP/Maps/ThirdPersonExampleMap.umap" TEMPLATE=0 SHOWPROGRESS=1 FEATURELEVEL=3
[2022.04.02-10.22.51:711][  0]LightingResults: New page: Lighting Build
[2022.04.02-10.22.51:713][  0]LogWorld: UWorld::CleanupWorld for Untitled, bSessionEnded=true, bCleanupResources=true
[2022.04.02-10.22.51:713][  0]LogSlate: InvalidateAllWidgets triggered.  All widgets were invalidated
[2022.04.02-10.22.51:713][  0]MapCheck: New page: Map Check
[2022.04.02-10.22.51:713][  0]LightingResults: New page: Lighting Build
[2022.04.02-10.22.51:717][  0]LogAudio: Display: Audio Device unregistered from world 'None'.
[2022.04.02-10.22.51:719][  0]LogUObjectHash: Compacting FUObjectHashTables data took   0.66ms
[2022.04.02-10.22.51:805][  0]LogLinker: Warning: [AssetLog] C:\Users\odinm\Documents\GitHub\Ludum-Dare-50\SupermarketSweep\Content\ThirdPersonBP\Maps\ThirdPersonExampleMap.umap: Failed to load '/Game/ThirdPersonBP/Maps/ThirdPersonExampleMap_BuiltData': Can't find file.
[2022.04.02-10.22.51:806][  0]LogLinker: Warning: [AssetLog] C:\Users\odinm\Documents\GitHub\Ludum-Dare-50\SupermarketSweep\Content\ThirdPersonBP\Maps\ThirdPersonExampleMap.umap: Failed to load '/Game/ThirdPersonBP/Maps/ThirdPersonExampleMap_BuiltData': Can't find file.
[2022.04.02-10.22.51:809][  0]LogLinker: Warning: [AssetLog] C:\Users\odinm\Documents\GitHub\Ludum-Dare-50\SupermarketSweep\Content\ThirdPersonBP\Maps\ThirdPersonExampleMap.umap: Failed to load '/Game/ThirdPersonBP/Maps/ThirdPersonExampleMap_BuiltData': Can't find file.
[2022.04.02-10.22.51:810][  0]LogLinker: Warning: Failed to load '/Game/ThirdPersonBP/Maps/ThirdPersonExampleMap_BuiltData': Can't find file.
[2022.04.02-10.22.51:810][  0]LogLinker: Warning: Failed to load '/Game/ThirdPersonBP/Maps/ThirdPersonExampleMap_BuiltData': Can't find file.
[2022.04.02-10.22.51:857][  0]LogLinker: Warning: [AssetLog] C:\Users\odinm\Documents\GitHub\Ludum-Dare-50\SupermarketSweep\Content\ThirdPersonBP\Maps\ThirdPersonExampleMap.umap: Failed to load '/Game/ThirdPersonBP/Maps/ThirdPersonExampleMap_BuiltData': Can't find file.
[2022.04.02-10.22.51:857][  0]LoadErrors: Failed to load /Game/ThirdPersonBP/Maps/ThirdPersonExampleMap_BuiltData.ThirdPersonExampleMap_BuiltData Referenced by PersistentLevel
[2022.04.02-10.22.51:964][  0]LogAudio: Display: Audio Device (ID: 1) registered with world 'ThirdPersonExampleMap'.
[2022.04.02-10.22.51:965][  0]LogAIModule: Creating AISystem for world ThirdPersonExampleMap
[2022.04.02-10.22.51:984][  0]LogEditorServer: Finished looking for orphan Actors (0.000 secs)
[2022.04.02-10.22.51:992][  0]LogUObjectHash: Compacting FUObjectHashTables data took   1.00ms
[2022.04.02-10.22.51:992][  0]Cmd: MAP CHECKDEP NOCLEARLOG
[2022.04.02-10.22.51:992][  0]MapCheck: Map check complete: 0 Error(s), 0 Warning(s), took 0.224ms to complete.
[2022.04.02-10.22.51:992][  0]LogFileHelpers: Loading map 'ThirdPersonExampleMap' took 0.281
[2022.04.02-10.22.51:994][  0]LogUnrealEdMisc: Total Editor Startup Time, took 7.721
[2022.04.02-10.22.52:102][  0]LogSlate: Updating window title bar state: overlay mode, drag disabled, window buttons hidden, title bar hidden
[2022.04.02-10.22.52:107][  0]LogSlate: Updating window title bar state: overlay mode, drag disabled, window buttons hidden, title bar hidden
[2022.04.02-10.22.52:112][  0]LogSlate: Updating window title bar state: overlay mode, drag disabled, window buttons hidden, title bar hidden
[2022.04.02-10.22.52:117][  0]LogSlate: Updating window title bar state: overlay mode, drag disabled, window buttons hidden, title bar hidden
[2022.04.02-10.22.52:131][  0]LogNativeClassHierarchy: Verbose: Native class hierarchy populated in 0.0084 seconds. Added 3822 classes and 928 folders.
[2022.04.02-10.22.52:133][  0]LogNativeClassHierarchy: Verbose: Native class hierarchy updated for 'WidgetCarousel' in 0.0003 seconds. Added 0 classes and 0 folders.
[2022.04.02-10.22.52:136][  0]LogPakFile: PakFile PrimaryIndexSize=187
[2022.04.02-10.22.52:136][  0]LogPakFile: PakFile PathHashIndexSize=101
[2022.04.02-10.22.52:136][  0]LogPakFile: PakFile FullDirectoryIndexSize=148
[2022.04.02-10.22.52:136][  0]LogShaderLibrary: Display: ShaderCodeLibraryPakFileMountedCallback: PakFile 'C:/Program Files/Epic Games/UE_4.27/FeaturePacks/FP_FirstPerson.upack' (chunk index -1, root 'root:/') mounted
[2022.04.02-10.22.52:136][  0]LogShaderLibrary: Display: ShaderCodeLibraryPakFileMountedCallback: pending pak file info (ChunkID:-1 Root:root:/ File:C:/Program Files/Epic Games/UE_4.27/FeaturePacks/FP_FirstPerson.upack)
[2022.04.02-10.22.52:136][  0]LogPakFile: OnPakFileMounted2Time == 0.000057
[2022.04.02-10.22.52:137][  0]LogPakFile: PakFile PrimaryIndexSize=189
[2022.04.02-10.22.52:137][  0]LogPakFile: PakFile PathHashIndexSize=101
[2022.04.02-10.22.52:137][  0]LogPakFile: PakFile FullDirectoryIndexSize=152
[2022.04.02-10.22.52:137][  0]LogShaderLibrary: Display: ShaderCodeLibraryPakFileMountedCallback: PakFile 'C:/Program Files/Epic Games/UE_4.27/FeaturePacks/FP_FirstPersonBP.upack' (chunk index -1, root 'root:/') mounted
[2022.04.02-10.22.52:137][  0]LogShaderLibrary: Display: ShaderCodeLibraryPakFileMountedCallback: pending pak file info (ChunkID:-1 Root:root:/ File:C:/Program Files/Epic Games/UE_4.27/FeaturePacks/FP_FirstPersonBP.upack)
[2022.04.02-10.22.52:137][  0]LogPakFile: OnPakFileMounted2Time == 0.000034
[2022.04.02-10.22.52:139][  0]LogPakFile: PakFile PrimaryIndexSize=191
[2022.04.02-10.22.52:139][  0]LogPakFile: PakFile PathHashIndexSize=101
[2022.04.02-10.22.52:139][  0]LogPakFile: PakFile FullDirectoryIndexSize=160
[2022.04.02-10.22.52:139][  0]LogShaderLibrary: Display: ShaderCodeLibraryPakFileMountedCallback: PakFile 'C:/Program Files/Epic Games/UE_4.27/FeaturePacks/MobileStarterContent.upack' (chunk index -1, root 'root:/') mounted
[2022.04.02-10.22.52:139][  0]LogShaderLibrary: Display: ShaderCodeLibraryPakFileMountedCallback: pending pak file info (ChunkID:-1 Root:root:/ File:C:/Program Files/Epic Games/UE_4.27/FeaturePacks/MobileStarterContent.upack)
[2022.04.02-10.22.52:139][  0]LogPakFile: OnPakFileMounted2Time == 0.000030
[2022.04.02-10.22.52:140][  0]LogPakFile: PakFile PrimaryIndexSize=185
[2022.04.02-10.22.52:140][  0]LogPakFile: PakFile PathHashIndexSize=101
[2022.04.02-10.22.52:140][  0]LogPakFile: PakFile FullDirectoryIndexSize=148
[2022.04.02-10.22.52:140][  0]LogShaderLibrary: Display: ShaderCodeLibraryPakFileMountedCallback: PakFile 'C:/Program Files/Epic Games/UE_4.27/FeaturePacks/StarterContent.upack' (chunk index -1, root 'root:/') mounted
[2022.04.02-10.22.52:140][  0]LogShaderLibrary: Display: ShaderCodeLibraryPakFileMountedCallback: pending pak file info (ChunkID:-1 Root:root:/ File:C:/Program Files/Epic Games/UE_4.27/FeaturePacks/StarterContent.upack)
[2022.04.02-10.22.52:140][  0]LogPakFile: OnPakFileMounted2Time == 0.000029
[2022.04.02-10.22.52:141][  0]LogPakFile: PakFile PrimaryIndexSize=190
[2022.04.02-10.22.52:141][  0]LogPakFile: PakFile PathHashIndexSize=101
[2022.04.02-10.22.52:141][  0]LogPakFile: PakFile FullDirectoryIndexSize=154
[2022.04.02-10.22.52:141][  0]LogShaderLibrary: Display: ShaderCodeLibraryPakFileMountedCallback: PakFile 'C:/Program Files/Epic Games/UE_4.27/FeaturePacks/TP_2DSideScroller.upack' (chunk index -1, root 'root:/') mounted
[2022.04.02-10.22.52:141][  0]LogShaderLibrary: Display: ShaderCodeLibraryPakFileMountedCallback: pending pak file info (ChunkID:-1 Root:root:/ File:C:/Program Files/Epic Games/UE_4.27/FeaturePacks/TP_2DSideScroller.upack)
[2022.04.02-10.22.52:141][  0]LogPakFile: OnPakFileMounted2Time == 0.000029
[2022.04.02-10.22.52:143][  0]LogPakFile: PakFile PrimaryIndexSize=192
[2022.04.02-10.22.52:143][  0]LogPakFile: PakFile PathHashIndexSize=101
[2022.04.02-10.22.52:143][  0]LogPakFile: PakFile FullDirectoryIndexSize=158
[2022.04.02-10.22.52:143][  0]LogShaderLibrary: Display: ShaderCodeLibraryPakFileMountedCallback: PakFile 'C:/Program Files/Epic Games/UE_4.27/FeaturePacks/TP_2DSideScrollerBP.upack' (chunk index -1, root 'root:/') mounted
[2022.04.02-10.22.52:143][  0]LogShaderLibrary: Display: ShaderCodeLibraryPakFileMountedCallback: pending pak file info (ChunkID:-1 Root:root:/ File:C:/Program Files/Epic Games/UE_4.27/FeaturePacks/TP_2DSideScrollerBP.upack)
[2022.04.02-10.22.52:143][  0]LogPakFile: OnPakFileMounted2Time == 0.000028
[2022.04.02-10.22.52:144][  0]LogPakFile: PakFile PrimaryIndexSize=182
[2022.04.02-10.22.52:144][  0]LogPakFile: PakFile PathHashIndexSize=101
[2022.04.02-10.22.52:144][  0]LogPakFile: PakFile FullDirectoryIndexSize=138
[2022.04.02-10.22.52:144][  0]LogShaderLibrary: Display: ShaderCodeLibraryPakFileMountedCallback: PakFile 'C:/Program Files/Epic Games/UE_4.27/FeaturePacks/TP_Flying.upack' (chunk index -1, root 'root:/') mounted
[2022.04.02-10.22.52:144][  0]LogShaderLibrary: Display: ShaderCodeLibraryPakFileMountedCallback: pending pak file info (ChunkID:-1 Root:root:/ File:C:/Program Files/Epic Games/UE_4.27/FeaturePacks/TP_Flying.upack)
[2022.04.02-10.22.52:144][  0]LogPakFile: OnPakFileMounted2Time == 0.000028
[2022.04.02-10.22.52:145][  0]LogPakFile: PakFile PrimaryIndexSize=184
[2022.04.02-10.22.52:145][  0]LogPakFile: PakFile PathHashIndexSize=101
[2022.04.02-10.22.52:145][  0]LogPakFile: PakFile FullDirectoryIndexSize=142
[2022.04.02-10.22.52:145][  0]LogShaderLibrary: Display: ShaderCodeLibraryPakFileMountedCallback: PakFile 'C:/Program Files/Epic Games/UE_4.27/FeaturePacks/TP_FlyingBP.upack' (chunk index -1, root 'root:/') mounted
[2022.04.02-10.22.52:145][  0]LogShaderLibrary: Display: ShaderCodeLibraryPakFileMountedCallback: pending pak file info (ChunkID:-1 Root:root:/ File:C:/Program Files/Epic Games/UE_4.27/FeaturePacks/TP_FlyingBP.upack)
[2022.04.02-10.22.52:145][  0]LogPakFile: OnPakFileMounted2Time == 0.000027
[2022.04.02-10.22.52:146][  0]LogPakFile: PakFile PrimaryIndexSize=188
[2022.04.02-10.22.52:147][  0]LogPakFile: PakFile PathHashIndexSize=101
[2022.04.02-10.22.52:147][  0]LogPakFile: PakFile FullDirectoryIndexSize=150
[2022.04.02-10.22.52:147][  0]LogShaderLibrary: Display: ShaderCodeLibraryPakFileMountedCallback: PakFile 'C:/Program Files/Epic Games/UE_4.27/FeaturePacks/TP_HandheldARBP.upack' (chunk index -1, root 'root:/') mounted
[2022.04.02-10.22.52:147][  0]LogShaderLibrary: Display: ShaderCodeLibraryPakFileMountedCallback: pending pak file info (ChunkID:-1 Root:root:/ File:C:/Program Files/Epic Games/UE_4.27/FeaturePacks/TP_HandheldARBP.upack)
[2022.04.02-10.22.52:147][  0]LogPakFile: OnPakFileMounted2Time == 0.000028
[2022.04.02-10.22.52:149][  0]LogPakFile: PakFile PrimaryIndexSize=182
[2022.04.02-10.22.52:149][  0]LogPakFile: PakFile PathHashIndexSize=101
[2022.04.02-10.22.52:149][  0]LogPakFile: PakFile FullDirectoryIndexSize=138
[2022.04.02-10.22.52:149][  0]LogShaderLibrary: Display: ShaderCodeLibraryPakFileMountedCallback: PakFile 'C:/Program Files/Epic Games/UE_4.27/FeaturePacks/TP_Puzzle.upack' (chunk index -1, root 'root:/') mounted
[2022.04.02-10.22.52:149][  0]LogShaderLibrary: Display: ShaderCodeLibraryPakFileMountedCallback: pending pak file info (ChunkID:-1 Root:root:/ File:C:/Program Files/Epic Games/UE_4.27/FeaturePacks/TP_Puzzle.upack)
[2022.04.02-10.22.52:149][  0]LogPakFile: OnPakFileMounted2Time == 0.000030
[2022.04.02-10.22.52:150][  0]LogPakFile: PakFile PrimaryIndexSize=184
[2022.04.02-10.22.52:150][  0]LogPakFile: PakFile PathHashIndexSize=101
[2022.04.02-10.22.52:150][  0]LogPakFile: PakFile FullDirectoryIndexSize=142
[2022.04.02-10.22.52:150][  0]LogShaderLibrary: Display: ShaderCodeLibraryPakFileMountedCallback: PakFile 'C:/Program Files/Epic Games/UE_4.27/FeaturePacks/TP_PuzzleBP.upack' (chunk index -1, root 'root:/') mounted
[2022.04.02-10.22.52:150][  0]LogShaderLibrary: Display: ShaderCodeLibraryPakFileMountedCallback: pending pak file info (ChunkID:-1 Root:root:/ File:C:/Program Files/Epic Games/UE_4.27/FeaturePacks/TP_PuzzleBP.upack)
[2022.04.02-10.22.52:150][  0]LogPakFile: OnPakFileMounted2Time == 0.000029
[2022.04.02-10.22.52:151][  0]LogPakFile: PakFile PrimaryIndexSize=183
[2022.04.02-10.22.52:151][  0]LogPakFile: PakFile PathHashIndexSize=101
[2022.04.02-10.22.52:151][  0]LogPakFile: PakFile FullDirectoryIndexSize=140
[2022.04.02-10.22.52:151][  0]LogShaderLibrary: Display: ShaderCodeLibraryPakFileMountedCallback: PakFile 'C:/Program Files/Epic Games/UE_4.27/FeaturePacks/TP_Rolling.upack' (chunk index -1, root 'root:/') mounted
[2022.04.02-10.22.52:151][  0]LogShaderLibrary: Display: ShaderCodeLibraryPakFileMountedCallback: pending pak file info (ChunkID:-1 Root:root:/ File:C:/Program Files/Epic Games/UE_4.27/FeaturePacks/TP_Rolling.upack)
[2022.04.02-10.22.52:151][  0]LogPakFile: OnPakFileMounted2Time == 0.000031
[2022.04.02-10.22.52:152][  0]LogPakFile: PakFile PrimaryIndexSize=185
[2022.04.02-10.22.52:152][  0]LogPakFile: PakFile PathHashIndexSize=101
[2022.04.02-10.22.52:152][  0]LogPakFile: PakFile FullDirectoryIndexSize=144
[2022.04.02-10.22.52:152][  0]LogShaderLibrary: Display: ShaderCodeLibraryPakFileMountedCallback: PakFile 'C:/Program Files/Epic Games/UE_4.27/FeaturePacks/TP_RollingBP.upack' (chunk index -1, root 'root:/') mounted
[2022.04.02-10.22.52:152][  0]LogShaderLibrary: Display: ShaderCodeLibraryPakFileMountedCallback: pending pak file info (ChunkID:-1 Root:root:/ File:C:/Program Files/Epic Games/UE_4.27/FeaturePacks/TP_RollingBP.upack)
[2022.04.02-10.22.52:152][  0]LogPakFile: OnPakFileMounted2Time == 0.000028
[2022.04.02-10.22.52:154][  0]LogPakFile: PakFile PrimaryIndexSize=188
[2022.04.02-10.22.52:154][  0]LogPakFile: PakFile PathHashIndexSize=101
[2022.04.02-10.22.52:154][  0]LogPakFile: PakFile FullDirectoryIndexSize=150
[2022.04.02-10.22.52:154][  0]LogShaderLibrary: Display: ShaderCodeLibraryPakFileMountedCallback: PakFile 'C:/Program Files/Epic Games/UE_4.27/FeaturePacks/TP_SideScroller.upack' (chunk index -1, root 'root:/') mounted
[2022.04.02-10.22.52:154][  0]LogShaderLibrary: Display: ShaderCodeLibraryPakFileMountedCallback: pending pak file info (ChunkID:-1 Root:root:/ File:C:/Program Files/Epic Games/UE_4.27/FeaturePacks/TP_SideScroller.upack)
[2022.04.02-10.22.52:154][  0]LogPakFile: OnPakFileMounted2Time == 0.000028
[2022.04.02-10.22.52:155][  0]LogPakFile: PakFile PrimaryIndexSize=190
[2022.04.02-10.22.52:155][  0]LogPakFile: PakFile PathHashIndexSize=101
[2022.04.02-10.22.52:155][  0]LogPakFile: PakFile FullDirectoryIndexSize=154
[2022.04.02-10.22.52:155][  0]LogShaderLibrary: Display: ShaderCodeLibraryPakFileMountedCallback: PakFile 'C:/Program Files/Epic Games/UE_4.27/FeaturePacks/TP_SideScrollerBP.upack' (chunk index -1, root 'root:/') mounted
[2022.04.02-10.22.52:155][  0]LogShaderLibrary: Display: ShaderCodeLibraryPakFileMountedCallback: pending pak file info (ChunkID:-1 Root:root:/ File:C:/Program Files/Epic Games/UE_4.27/FeaturePacks/TP_SideScrollerBP.upack)
[2022.04.02-10.22.52:155][  0]LogPakFile: OnPakFileMounted2Time == 0.000027
[2022.04.02-10.22.52:156][  0]LogPakFile: PakFile PrimaryIndexSize=187
[2022.04.02-10.22.52:156][  0]LogPakFile: PakFile PathHashIndexSize=101
[2022.04.02-10.22.52:156][  0]LogPakFile: PakFile FullDirectoryIndexSize=148
[2022.04.02-10.22.52:156][  0]LogShaderLibrary: Display: ShaderCodeLibraryPakFileMountedCallback: PakFile 'C:/Program Files/Epic Games/UE_4.27/FeaturePacks/TP_ThirdPerson.upack' (chunk index -1, root 'root:/') mounted
[2022.04.02-10.22.52:156][  0]LogShaderLibrary: Display: ShaderCodeLibraryPakFileMountedCallback: pending pak file info (ChunkID:-1 Root:root:/ File:C:/Program Files/Epic Games/UE_4.27/FeaturePacks/TP_ThirdPerson.upack)
[2022.04.02-10.22.52:156][  0]LogPakFile: OnPakFileMounted2Time == 0.000027
[2022.04.02-10.22.52:158][  0]LogPakFile: PakFile PrimaryIndexSize=189
[2022.04.02-10.22.52:158][  0]LogPakFile: PakFile PathHashIndexSize=101
[2022.04.02-10.22.52:158][  0]LogPakFile: PakFile FullDirectoryIndexSize=152
[2022.04.02-10.22.52:158][  0]LogShaderLibrary: Display: ShaderCodeLibraryPakFileMountedCallback: PakFile 'C:/Program Files/Epic Games/UE_4.27/FeaturePacks/TP_ThirdPersonBP.upack' (chunk index -1, root 'root:/') mounted
[2022.04.02-10.22.52:158][  0]LogShaderLibrary: Display: ShaderCodeLibraryPakFileMountedCallback: pending pak file info (ChunkID:-1 Root:root:/ File:C:/Program Files/Epic Games/UE_4.27/FeaturePacks/TP_ThirdPersonBP.upack)
[2022.04.02-10.22.52:158][  0]LogPakFile: OnPakFileMounted2Time == 0.000027
[2022.04.02-10.22.52:159][  0]LogPakFile: PakFile PrimaryIndexSize=183
[2022.04.02-10.22.52:159][  0]LogPakFile: PakFile PathHashIndexSize=101
[2022.04.02-10.22.52:159][  0]LogPakFile: PakFile FullDirectoryIndexSize=140
[2022.04.02-10.22.52:159][  0]LogShaderLibrary: Display: ShaderCodeLibraryPakFileMountedCallback: PakFile 'C:/Program Files/Epic Games/UE_4.27/FeaturePacks/TP_TopDown.upack' (chunk index -1, root 'root:/') mounted
[2022.04.02-10.22.52:159][  0]LogShaderLibrary: Display: ShaderCodeLibraryPakFileMountedCallback: pending pak file info (ChunkID:-1 Root:root:/ File:C:/Program Files/Epic Games/UE_4.27/FeaturePacks/TP_TopDown.upack)
[2022.04.02-10.22.52:159][  0]LogPakFile: OnPakFileMounted2Time == 0.000033
[2022.04.02-10.22.52:160][  0]LogPakFile: PakFile PrimaryIndexSize=185
[2022.04.02-10.22.52:160][  0]LogPakFile: PakFile PathHashIndexSize=101
[2022.04.02-10.22.52:160][  0]LogPakFile: PakFile FullDirectoryIndexSize=144
[2022.04.02-10.22.52:160][  0]LogShaderLibrary: Display: ShaderCodeLibraryPakFileMountedCallback: PakFile 'C:/Program Files/Epic Games/UE_4.27/FeaturePacks/TP_TopDownBP.upack' (chunk index -1, root 'root:/') mounted
[2022.04.02-10.22.52:160][  0]LogShaderLibrary: Display: ShaderCodeLibraryPakFileMountedCallback: pending pak file info (ChunkID:-1 Root:root:/ File:C:/Program Files/Epic Games/UE_4.27/FeaturePacks/TP_TopDownBP.upack)
[2022.04.02-10.22.52:160][  0]LogPakFile: OnPakFileMounted2Time == 0.000031
[2022.04.02-10.22.52:162][  0]LogPakFile: PakFile PrimaryIndexSize=185
[2022.04.02-10.22.52:162][  0]LogPakFile: PakFile PathHashIndexSize=101
[2022.04.02-10.22.52:162][  0]LogPakFile: PakFile FullDirectoryIndexSize=144
[2022.04.02-10.22.52:162][  0]LogShaderLibrary: Display: ShaderCodeLibraryPakFileMountedCallback: PakFile 'C:/Program Files/Epic Games/UE_4.27/FeaturePacks/TP_TwinStick.upack' (chunk index -1, root 'root:/') mounted
[2022.04.02-10.22.52:162][  0]LogShaderLibrary: Display: ShaderCodeLibraryPakFileMountedCallback: pending pak file info (ChunkID:-1 Root:root:/ File:C:/Program Files/Epic Games/UE_4.27/FeaturePacks/TP_TwinStick.upack)
[2022.04.02-10.22.52:162][  0]LogPakFile: OnPakFileMounted2Time == 0.000030
[2022.04.02-10.22.52:163][  0]LogPakFile: PakFile PrimaryIndexSize=187
[2022.04.02-10.22.52:163][  0]LogPakFile: PakFile PathHashIndexSize=101
[2022.04.02-10.22.52:163][  0]LogPakFile: PakFile FullDirectoryIndexSize=148
[2022.04.02-10.22.52:163][  0]LogShaderLibrary: Display: ShaderCodeLibraryPakFileMountedCallback: PakFile 'C:/Program Files/Epic Games/UE_4.27/FeaturePacks/TP_TwinStickBP.upack' (chunk index -1, root 'root:/') mounted
[2022.04.02-10.22.52:163][  0]LogShaderLibrary: Display: ShaderCodeLibraryPakFileMountedCallback: pending pak file info (ChunkID:-1 Root:root:/ File:C:/Program Files/Epic Games/UE_4.27/FeaturePacks/TP_TwinStickBP.upack)
[2022.04.02-10.22.52:163][  0]LogPakFile: OnPakFileMounted2Time == 0.000029
[2022.04.02-10.22.52:165][  0]LogPakFile: PakFile PrimaryIndexSize=183
[2022.04.02-10.22.52:165][  0]LogPakFile: PakFile PathHashIndexSize=101
[2022.04.02-10.22.52:165][  0]LogPakFile: PakFile FullDirectoryIndexSize=140
[2022.04.02-10.22.52:165][  0]LogShaderLibrary: Display: ShaderCodeLibraryPakFileMountedCallback: PakFile 'C:/Program Files/Epic Games/UE_4.27/FeaturePacks/TP_Vehicle.upack' (chunk index -1, root 'root:/') mounted
[2022.04.02-10.22.52:165][  0]LogShaderLibrary: Display: ShaderCodeLibraryPakFileMountedCallback: pending pak file info (ChunkID:-1 Root:root:/ File:C:/Program Files/Epic Games/UE_4.27/FeaturePacks/TP_Vehicle.upack)
[2022.04.02-10.22.52:165][  0]LogPakFile: OnPakFileMounted2Time == 0.000029
[2022.04.02-10.22.52:166][  0]LogPakFile: PakFile PrimaryIndexSize=186
[2022.04.02-10.22.52:166][  0]LogPakFile: PakFile PathHashIndexSize=101
[2022.04.02-10.22.52:166][  0]LogPakFile: PakFile FullDirectoryIndexSize=146
[2022.04.02-10.22.52:166][  0]LogShaderLibrary: Display: ShaderCodeLibraryPakFileMountedCallback: PakFile 'C:/Program Files/Epic Games/UE_4.27/FeaturePacks/TP_VehicleAdv.upack' (chunk index -1, root 'root:/') mounted
[2022.04.02-10.22.52:166][  0]LogShaderLibrary: Display: ShaderCodeLibraryPakFileMountedCallback: pending pak file info (ChunkID:-1 Root:root:/ File:C:/Program Files/Epic Games/UE_4.27/FeaturePacks/TP_VehicleAdv.upack)
[2022.04.02-10.22.52:166][  0]LogPakFile: OnPakFileMounted2Time == 0.000027
[2022.04.02-10.22.52:167][  0]LogPakFile: PakFile PrimaryIndexSize=188
[2022.04.02-10.22.52:167][  0]LogPakFile: PakFile PathHashIndexSize=101
[2022.04.02-10.22.52:167][  0]LogPakFile: PakFile FullDirectoryIndexSize=150
[2022.04.02-10.22.52:167][  0]LogShaderLibrary: Display: ShaderCodeLibraryPakFileMountedCallback: PakFile 'C:/Program Files/Epic Games/UE_4.27/FeaturePacks/TP_VehicleAdvBP.upack' (chunk index -1, root 'root:/') mounted
[2022.04.02-10.22.52:167][  0]LogShaderLibrary: Display: ShaderCodeLibraryPakFileMountedCallback: pending pak file info (ChunkID:-1 Root:root:/ File:C:/Program Files/Epic Games/UE_4.27/FeaturePacks/TP_VehicleAdvBP.upack)
[2022.04.02-10.22.52:167][  0]LogPakFile: OnPakFileMounted2Time == 0.000028
[2022.04.02-10.22.52:169][  0]LogPakFile: PakFile PrimaryIndexSize=185
[2022.04.02-10.22.52:169][  0]LogPakFile: PakFile PathHashIndexSize=101
[2022.04.02-10.22.52:169][  0]LogPakFile: PakFile FullDirectoryIndexSize=144
[2022.04.02-10.22.52:169][  0]LogShaderLibrary: Display: ShaderCodeLibraryPakFileMountedCallback: PakFile 'C:/Program Files/Epic Games/UE_4.27/FeaturePacks/TP_VehicleBP.upack' (chunk index -1, root 'root:/') mounted
[2022.04.02-10.22.52:169][  0]LogShaderLibrary: Display: ShaderCodeLibraryPakFileMountedCallback: pending pak file info (ChunkID:-1 Root:root:/ File:C:/Program Files/Epic Games/UE_4.27/FeaturePacks/TP_VehicleBP.upack)
[2022.04.02-10.22.52:169][  0]LogPakFile: OnPakFileMounted2Time == 0.000026
[2022.04.02-10.22.52:170][  0]LogPakFile: PakFile PrimaryIndexSize=192
[2022.04.02-10.22.52:170][  0]LogPakFile: PakFile PathHashIndexSize=101
[2022.04.02-10.22.52:170][  0]LogPakFile: PakFile FullDirectoryIndexSize=158
[2022.04.02-10.22.52:170][  0]LogShaderLibrary: Display: ShaderCodeLibraryPakFileMountedCallback: PakFile 'C:/Program Files/Epic Games/UE_4.27/FeaturePacks/TP_VirtualRealityBP.upack' (chunk index -1, root 'root:/') mounted
[2022.04.02-10.22.52:170][  0]LogShaderLibrary: Display: ShaderCodeLibraryPakFileMountedCallback: pending pak file info (ChunkID:-1 Root:root:/ File:C:/Program Files/Epic Games/UE_4.27/FeaturePacks/TP_VirtualRealityBP.upack)
[2022.04.02-10.22.52:170][  0]LogPakFile: OnPakFileMounted2Time == 0.000026
[2022.04.02-10.22.52:242][  0]LogNativeClassHierarchy: Verbose: Native class hierarchy updated for 'AddContentDialog' in 0.0003 seconds. Added 0 classes and 0 folders.
[2022.04.02-10.22.52:246][  0]LogNativeClassHierarchy: Verbose: Native class hierarchy updated for 'SceneOutliner' in 0.0003 seconds. Added 2 classes and 0 folders.
[2022.04.02-10.22.52:314][  0]LogSlate: Took 0.000185 seconds to synchronously load lazily loaded font '../../../Engine/Content/Slate/Fonts/Roboto-Regular.ttf' (155K)
[2022.04.02-10.22.52:316][  0]LogSlate: Took 0.000659 seconds to synchronously load lazily loaded font '../../../Engine/Content/Editor/Slate/Fonts/FontAwesome.ttf' (139K)
[2022.04.02-10.22.52:317][  0]LogSlate: Took 0.000240 seconds to synchronously load lazily loaded font '../../../Engine/Content/Slate/Fonts/Roboto-Bold.ttf' (160K)
[2022.04.02-10.22.52:409][  0]LogRenderer: Reallocating scene render targets to support 1100x524 Format 10 NumSamples 1 (Frame:1).
[2022.04.02-10.22.52:522][  0]LogNativeClassHierarchy: Verbose: Native class hierarchy updated for 'HierarchicalLODOutliner' in 0.0003 seconds. Added 0 classes and 0 folders.
[2022.04.02-10.22.52:522][  0]LogInput: Warning: Action Jump uses invalid key OculusGo_Left_Trigger_Click.
[2022.04.02-10.22.52:522][  0]LogInput: Warning: Action ResetVR uses invalid key OculusGo_Left_Trackpad_Click.
[2022.04.02-10.22.52:522][  0]LogInput: Warning: Use -RemoveInvalidKeys to remove instances of these keys from the action mapping.
[2022.04.02-10.22.52:522][  0]LogLoad: (Engine Initialization) Total time: 8.25 seconds
[2022.04.02-10.22.52:522][  0]LogLoad: (Engine Initialization) Total Blueprint compile time: 0.00 seconds
[2022.04.02-10.22.52:575][  0]LogAssetRegistry: Asset discovery search completed in 5.0420 seconds
[2022.04.02-10.22.52:581][  0]LogCollectionManager: Fixed up redirectors for 0 collections in 0.000004 seconds (updated 0 objects)
[2022.04.02-10.22.52:583][  0]LogContentStreaming: Texture pool size now 1000 MB
[2022.04.02-10.22.52:675][  0]LogRenderer: Reallocating scene render targets to support 1100x544 Format 10 NumSamples 1 (Frame:3).
[2022.04.02-10.22.52:675][  0]LogSlate: Took 0.000548 seconds to synchronously load lazily loaded font '../../../Engine/Content/Slate/Fonts/DroidSansMono.ttf' (77K)
[2022.04.02-10.22.52:726][  2]LogSlate: Took 0.000786 seconds to synchronously load lazily loaded font '../../../Engine/Content/Slate/Fonts/Roboto-Light.ttf' (167K)
[2022.04.02-10.23.03:038][618]LogSlate: Window 'Message Log' being destroyed
[2022.04.02-10.23.03:042][618]LogSlate: Window 'Message Log' being destroyed
[2022.04.02-10.24.05:604][369]LogContentBrowser: Deferred new asset folder creation: NewFolder
[2022.04.02-10.24.05:615][369]LogContentBrowser: Creating deferred item: NewFolder
[2022.04.02-10.24.08:904][567]LogContentBrowser: Attempting asset rename: NewFolder -> Test
[2022.04.02-10.24.08:904][567]LogContentBrowser: End creating deferred item NewFolder
[2022.04.02-10.24.13:492][840]LogContentBrowser: Deferred new asset file creation: NewMaterial
[2022.04.02-10.24.13:501][840]LogContentBrowser: Creating deferred item: NewMaterial
[2022.04.02-10.24.29:586][805]LogContentBrowser: Attempting asset rename: NewMaterial -> M_Chariles_Test
[2022.04.02-10.24.29:587][805]LogContentBrowser: End creating deferred item NewMaterial
[2022.04.02-10.24.38:974][366]LogWindows: Warning: CreateProc failed: The system cannot find the file specified. (0x00000002)
[2022.04.02-10.24.38:974][366]LogWindows: Warning: URL: C:/Program Files/Git/bin/git.exe version
[2022.04.02-10.24.38:975][366]LogWindows: Warning: CreateProc failed: The system cannot find the file specified. (0x00000002)
[2022.04.02-10.24.38:975][366]LogWindows: Warning: URL: C:/Program Files (x86)/Git/bin/git.exe version
[2022.04.02-10.24.38:975][366]LogWindows: Warning: CreateProc failed: The system cannot find the file specified. (0x00000002)
[2022.04.02-10.24.38:975][366]LogWindows: Warning: URL: C:\Users\odinm\AppData\Local/Programs/Git/cmd/git.exe version
[2022.04.02-10.24.38:975][366]LogWindows: Warning: CreateProc failed: The system cannot find the file specified. (0x00000002)
[2022.04.02-10.24.38:975][366]LogWindows: Warning: URL: C:/Program Files (x86)/SmartGit/git/bin/git.exe version
[2022.04.02-10.24.38:975][366]LogWindows: Warning: CreateProc failed: The system cannot find the file specified. (0x00000002)
[2022.04.02-10.24.38:975][366]LogWindows: Warning: URL: C:/Program Files (x86)/SmartGit/bin/git.exe version
[2022.04.02-10.24.38:975][366]LogWindows: Warning: CreateProc failed: The system cannot find the file specified. (0x00000002)
[2022.04.02-10.24.38:975][366]LogWindows: Warning: URL: C:\Users\odinm\AppData\Local/Atlassian/SourceTree/git_local/bin/git.exe version
[2022.04.02-10.24.38:975][366]LogWindows: Warning: CreateProc failed: The system cannot find the file specified. (0x00000002)
[2022.04.02-10.24.38:975][366]LogWindows: Warning: URL: C:/Program Files (x86)/fournova/Tower/vendor/Git/bin/git.exe version
[2022.04.02-10.24.39:970][425]SourceControl: Error: Connection Error: Failed to enable Git source control. You need to install Git and specify a valid path to git executable.
[2022.04.02-10.24.45:434][749]LogWindows: Warning: CreateProc failed: Access is denied. (0x00000005)
[2022.04.02-10.24.45:434][749]LogWindows: Warning: URL: C:/Program Files/Epic Games/UE_4.27/Engine/Binaries/Win64/ version
[2022.04.02-10.25.07:194][515]LogWindows: Warning: CreateProc failed: Access is denied. (0x00000005)
[2022.04.02-10.25.07:194][515]LogWindows: Warning: URL: C:/Program Files/Epic Games/UE_4.27/Engine/Binaries/Win64/ version
[2022.04.02-10.25.07:194][515]SourceControl: Error: Connection Error: Failed to enable Git source control. You need to install Git and specify a valid path to git executable.
[2022.04.02-10.25.30:082][874]SourceControl: Source control is disabled
[2022.04.02-10.25.30:082][874]LogSlate: Window 'Source Control Login' being destroyed
[2022.04.02-10.25.38:161][358]LogUObjectHash: Compacting FUObjectHashTables data took   1.86ms
[2022.04.02-10.25.38:168][358]LogSlate: Took 0.000208 seconds to synchronously load lazily loaded font '../../../Engine/Content/Slate/Fonts/Roboto-Light.ttf' (167K)
[2022.04.02-10.25.38:201][358]Cmd: OBJ SAVEPACKAGE PACKAGE="/Game/Test/M_Chariles_Test" FILE="../../../../../../Users/odinm/Documents/GitHub/Ludum-Dare-50/SupermarketSweep/Content/Test/M_Chariles_Test.uasset" SILENT=true
[2022.04.02-10.25.38:210][358]LogSavePackage: Moving '../../../../../../Users/odinm/Documents/GitHub/Ludum-Dare-50/SupermarketSweep/Saved/M_Chariles_Test0E445EDF4A22F10B8D0A39A0494D9598.tmp' to '../../../../../../Users/odinm/Documents/GitHub/Ludum-Dare-50/SupermarketSweep/Content/Test/M_Chariles_Test.uasset'
[2022.04.02-10.25.38:226][358]AssetCheck: New page: Asset Save: M_Chariles_Test
[2022.04.02-10.25.38:226][358]LogContentValidation: Display: Validating Material /Game/Test/M_Chariles_Test.M_Chariles_Test
